{"/app/src/components/Footer.tsx": {"path":"/app/src/components/Footer.tsx","statementMap":{"0":{"start":{"line":3,"column":15},"end":{"line":24,"column":null}},"1":{"start":{"line":4,"column":22},"end":{"line":4,"column":null}},"2":{"start":{"line":5,"column":2},"end":{"line":18,"column":null}}},"fnMap":{"0":{"name":"(anonymous_0)","decl":{"start":{"line":3,"column":15},"end":{"line":3,"column":null}},"loc":{"start":{"line":3,"column":15},"end":{"line":24,"column":null}},"line":3}},"branchMap":{},"s":{"0":1,"1":3,"2":3},"f":{"0":3},"b":{},"meta":{"lastBranch":0,"lastFunction":1,"lastStatement":3,"seen":{"s:3:15:24:Infinity":0,"f:3:15:3:Infinity":0,"s:4:22:4:Infinity":1,"s:5:2:18:Infinity":2}}}
,"/app/src/components/Navigation.tsx": {"path":"/app/src/components/Navigation.tsx","statementMap":{"0":{"start":{"line":14,"column":19},"end":{"line":184,"column":null}},"1":{"start":{"line":19,"column":3},"end":{"line":19,"column":null}},"2":{"start":{"line":20,"column":47},"end":{"line":20,"column":null}},"3":{"start":{"line":21,"column":8},"end":{"line":21,"column":null}},"4":{"start":{"line":22,"column":46},"end":{"line":22,"column":null}},"5":{"start":{"line":23,"column":28},"end":{"line":23,"column":null}},"6":{"start":{"line":24,"column":18},"end":{"line":24,"column":null}},"7":{"start":{"line":25,"column":26},"end":{"line":53,"column":null}},"8":{"start":{"line":54,"column":2},"end":{"line":176,"column":null}},"9":{"start":{"line":66,"column":33},"end":{"line":67,"column":null}},"10":{"start":{"line":69,"column":36},"end":{"line":69,"column":null}},"11":{"start":{"line":70,"column":36},"end":{"line":70,"column":null}},"12":{"start":{"line":101,"column":43},"end":{"line":102,"column":null}},"13":{"start":{"line":104,"column":41},"end":{"line":104,"column":null}},"14":{"start":{"line":105,"column":46},"end":{"line":105,"column":null}},"15":{"start":{"line":128,"column":24},"end":{"line":128,"column":null}},"16":{"start":{"line":129,"column":24},"end":{"line":129,"column":null}},"17":{"start":{"line":135,"column":58},"end":{"line":135,"column":null}},"18":{"start":{"line":140,"column":58},"end":{"line":140,"column":null}}},"fnMap":{"0":{"name":"(anonymous_0)","decl":{"start":{"line":14,"column":19},"end":{"line":14,"column":null}},"loc":{"start":{"line":14,"column":19},"end":{"line":184,"column":null}},"line":14},"1":{"name":"(anonymous_1)","decl":{"start":{"line":66,"column":33},"end":{"line":66,"column":41}},"loc":{"start":{"line":66,"column":33},"end":{"line":67,"column":null}},"line":66},"2":{"name":"(anonymous_2)","decl":{"start":{"line":69,"column":30},"end":{"line":69,"column":36}},"loc":{"start":{"line":69,"column":36},"end":{"line":69,"column":null}},"line":69},"3":{"name":"(anonymous_3)","decl":{"start":{"line":70,"column":30},"end":{"line":70,"column":36}},"loc":{"start":{"line":70,"column":36},"end":{"line":70,"column":null}},"line":70},"4":{"name":"(anonymous_4)","decl":{"start":{"line":101,"column":43},"end":{"line":101,"column":51}},"loc":{"start":{"line":101,"column":43},"end":{"line":102,"column":null}},"line":101},"5":{"name":"(anonymous_5)","decl":{"start":{"line":104,"column":35},"end":{"line":104,"column":41}},"loc":{"start":{"line":104,"column":41},"end":{"line":104,"column":null}},"line":104},"6":{"name":"(anonymous_6)","decl":{"start":{"line":105,"column":40},"end":{"line":105,"column":46}},"loc":{"start":{"line":105,"column":46},"end":{"line":105,"column":null}},"line":105},"7":{"name":"(anonymous_7)","decl":{"start":{"line":127,"column":61},"end":{"line":127,"column":null}},"loc":{"start":{"line":127,"column":61},"end":{"line":130,"column":25}},"line":127},"8":{"name":"(anonymous_8)","decl":{"start":{"line":135,"column":52},"end":{"line":135,"column":58}},"loc":{"start":{"line":135,"column":58},"end":{"line":135,"column":null}},"line":135},"9":{"name":"(anonymous_9)","decl":{"start":{"line":140,"column":52},"end":{"line":140,"column":58}},"loc":{"start":{"line":140,"column":58},"end":{"line":140,"column":null}},"line":140}},"branchMap":{"0":{"loc":{"start":{"line":117,"column":23},"end":{"line":141,"column":null}},"type":"cond-expr","locations":[{"start":{"line":117,"column":23},"end":{"line":119,"column":40}},{"start":{"line":119,"column":33},"end":{"line":141,"column":null}}],"line":117},"1":{"loc":{"start":{"line":119,"column":33},"end":{"line":141,"column":null}},"type":"cond-expr","locations":[{"start":{"line":119,"column":33},"end":{"line":134,"column":34}},{"start":{"line":134,"column":33},"end":{"line":141,"column":null}}],"line":119},"2":{"loc":{"start":{"line":151,"column":13},"end":{"line":176,"column":null}},"type":"cond-expr","locations":[{"start":{"line":151,"column":13},"end":{"line":151,"column":null}},{"start":{"line":151,"column":85},"end":{"line":176,"column":null}}],"line":151},"3":{"loc":{"start":{"line":151,"column":85},"end":{"line":176,"column":null}},"type":"cond-expr","locations":[{"start":{"line":151,"column":85},"end":{"line":166,"column":null}},{"start":{"line":166,"column":16},"end":{"line":176,"column":null}}],"line":151},"4":{"loc":{"start":{"line":153,"column":17},"end":{"line":153,"column":null}},"type":"binary-expr","locations":[{"start":{"line":153,"column":17},"end":{"line":153,"column":30}},{"start":{"line":153,"column":18},"end":{"line":153,"column":null}}],"line":153},"5":{"loc":{"start":{"line":162,"column":21},"end":{"line":162,"column":null}},"type":"binary-expr","locations":[{"start":{"line":162,"column":21},"end":{"line":162,"column":34}},{"start":{"line":162,"column":22},"end":{"line":162,"column":null}}],"line":162},"6":{"loc":{"start":{"line":170,"column":21},"end":{"line":170,"column":null}},"type":"binary-expr","locations":[{"start":{"line":170,"column":21},"end":{"line":170,"column":34}},{"start":{"line":170,"column":22},"end":{"line":170,"column":null}}],"line":170},"7":{"loc":{"start":{"line":176,"column":21},"end":{"line":176,"column":null}},"type":"binary-expr","locations":[{"start":{"line":176,"column":21},"end":{"line":176,"column":34}},{"start":{"line":176,"column":22},"end":{"line":176,"column":null}}],"line":176}},"s":{"0":1,"1":8,"2":8,"3":8,"4":8,"5":8,"6":8,"7":8,"8":8,"9":56,"10":0,"11":0,"12":56,"13":0,"14":0,"15":0,"16":0,"17":0,"18":0},"f":{"0":8,"1":56,"2":0,"3":0,"4":56,"5":0,"6":0,"7":0,"8":0,"9":0},"b":{"0":[0,8],"1":[0,8],"2":[0,8],"3":[0,8],"4":[0,0],"5":[0,0],"6":[8,8],"7":[8,8]},"meta":{"lastBranch":8,"lastFunction":10,"lastStatement":19,"seen":{"s:14:19:184:Infinity":0,"f:14:19:14:Infinity":0,"s:19:3:19:Infinity":1,"s:20:47:20:Infinity":2,"s:21:8:21:Infinity":3,"s:22:46:22:Infinity":4,"s:23:28:23:Infinity":5,"s:24:18:24:Infinity":6,"s:25:26:53:Infinity":7,"s:54:2:176:Infinity":8,"f:66:33:66:41":1,"s:66:33:67:Infinity":9,"f:69:30:69:36":2,"s:69:36:69:Infinity":10,"f:70:30:70:36":3,"s:70:36:70:Infinity":11,"f:101:43:101:51":4,"s:101:43:102:Infinity":12,"f:104:35:104:41":5,"s:104:41:104:Infinity":13,"f:105:40:105:46":6,"s:105:46:105:Infinity":14,"b:117:23:119:40:119:33:141:Infinity":0,"b:119:33:134:34:134:33:141:Infinity":1,"f:127:61:127:Infinity":7,"s:128:24:128:Infinity":15,"s:129:24:129:Infinity":16,"f:135:52:135:58":8,"s:135:58:135:Infinity":17,"f:140:52:140:58":9,"s:140:58:140:Infinity":18,"b:151:13:151:Infinity:151:85:176:Infinity":2,"b:151:85:166:Infinity:166:16:176:Infinity":3,"b:153:17:153:30:153:18:153:Infinity":4,"b:162:21:162:34:162:22:162:Infinity":5,"b:170:21:170:34:170:22:170:Infinity":6,"b:176:21:176:34:176:22:176:Infinity":7}}}
,"/app/src/components/growth/XPBadge.tsx": {"path":"/app/src/components/growth/XPBadge.tsx","statementMap":{"0":{"start":{"line":11,"column":23},"end":{"line":56,"column":null}},"1":{"start":{"line":12,"column":16},"end":{"line":12,"column":null}},"2":{"start":{"line":13,"column":2},"end":{"line":13,"column":null}},"3":{"start":{"line":13,"column":13},"end":{"line":13,"column":null}},"4":{"start":{"line":15,"column":2},"end":{"line":29,"column":null}},"5":{"start":{"line":16,"column":4},"end":{"line":26,"column":null}},"6":{"start":{"line":31,"column":2},"end":{"line":51,"column":null}}},"fnMap":{"0":{"name":"(anonymous_0)","decl":{"start":{"line":11,"column":23},"end":{"line":11,"column":24}},"loc":{"start":{"line":11,"column":60},"end":{"line":56,"column":null}},"line":11}},"branchMap":{"0":{"loc":{"start":{"line":13,"column":2},"end":{"line":13,"column":null}},"type":"if","locations":[{"start":{"line":13,"column":2},"end":{"line":13,"column":null}},{"start":{},"end":{}}],"line":13},"1":{"loc":{"start":{"line":15,"column":2},"end":{"line":29,"column":null}},"type":"if","locations":[{"start":{"line":15,"column":2},"end":{"line":29,"column":null}},{"start":{},"end":{}}],"line":15},"2":{"loc":{"start":{"line":48,"column":7},"end":{"line":51,"column":null}},"type":"binary-expr","locations":[{"start":{"line":48,"column":7},"end":{"line":48,"column":null}},{"start":{"line":48,"column":19},"end":{"line":51,"column":null}}],"line":48}},"s":{"0":1,"1":0,"2":0,"3":0,"4":0,"5":0,"6":0},"f":{"0":0},"b":{"0":[0,0],"1":[0,0],"2":[0,0]},"meta":{"lastBranch":3,"lastFunction":1,"lastStatement":7,"seen":{"s:11:23:56:Infinity":0,"f:11:23:11:24":0,"s:12:16:12:Infinity":1,"b:13:2:13:Infinity:undefined:undefined:undefined:undefined":0,"s:13:2:13:Infinity":2,"s:13:13:13:Infinity":3,"b:15:2:29:Infinity:undefined:undefined:undefined:undefined":1,"s:15:2:29:Infinity":4,"s:16:4:26:Infinity":5,"s:31:2:51:Infinity":6,"b:48:7:48:Infinity:48:19:51:Infinity":2}}}
,"/app/src/components/ui/button.tsx": {"path":"/app/src/components/ui/button.tsx","statementMap":{"0":{"start":{"line":7,"column":6},"end":{"line":37,"column":null}},"1":{"start":{"line":46,"column":15},"end":{"line":56,"column":null}},"2":{"start":{"line":48,"column":17},"end":{"line":48,"column":null}},"3":{"start":{"line":49,"column":4},"end":{"line":53,"column":null}},"4":{"start":{"line":58,"column":0},"end":{"line":58,"column":null}}},"fnMap":{"0":{"name":"(anonymous_0)","decl":{"start":{"line":47,"column":2},"end":{"line":47,"column":3}},"loc":{"start":{"line":47,"column":60},"end":{"line":56,"column":null}},"line":47}},"branchMap":{"0":{"loc":{"start":{"line":47,"column":31},"end":{"line":47,"column":46}},"type":"default-arg","locations":[{"start":{"line":47,"column":41},"end":{"line":47,"column":46}}],"line":47},"1":{"loc":{"start":{"line":48,"column":17},"end":{"line":48,"column":null}},"type":"cond-expr","locations":[{"start":{"line":48,"column":27},"end":{"line":48,"column":34}},{"start":{"line":48,"column":34},"end":{"line":48,"column":null}}],"line":48}},"s":{"0":2,"1":2,"2":88,"3":88,"4":2},"f":{"0":88},"b":{"0":[88],"1":[0,88]},"meta":{"lastBranch":2,"lastFunction":1,"lastStatement":5,"seen":{"s:7:6:37:Infinity":0,"s:46:15:56:Infinity":1,"f:47:2:47:3":0,"b:47:41:47:46":0,"s:48:17:48:Infinity":2,"b:48:27:48:34:48:34:48:Infinity":1,"s:49:4:53:Infinity":3,"s:58:0:58:Infinity":4}}}
,"/app/src/components/ui/scroll-area.tsx": {"path":"/app/src/components/ui/scroll-area.tsx","statementMap":{"0":{"start":{"line":6,"column":19},"end":{"line":19,"column":null}},"1":{"start":{"line":9,"column":38},"end":{"line":19,"column":null}},"2":{"start":{"line":22,"column":0},"end":{"line":22,"column":null}},"3":{"start":{"line":24,"column":18},"end":{"line":41,"column":null}},"4":{"start":{"line":27,"column":54},"end":{"line":41,"column":null}},"5":{"start":{"line":44,"column":0},"end":{"line":44,"column":null}}},"fnMap":{"0":{"name":"(anonymous_0)","decl":{"start":{"line":9,"column":2},"end":{"line":9,"column":3}},"loc":{"start":{"line":9,"column":38},"end":{"line":19,"column":null}},"line":9},"1":{"name":"(anonymous_1)","decl":{"start":{"line":27,"column":2},"end":{"line":27,"column":3}},"loc":{"start":{"line":27,"column":54},"end":{"line":41,"column":null}},"line":27}},"branchMap":{"0":{"loc":{"start":{"line":27,"column":16},"end":{"line":27,"column":40}},"type":"default-arg","locations":[{"start":{"line":27,"column":30},"end":{"line":27,"column":40}}],"line":27},"1":{"loc":{"start":{"line":33,"column":6},"end":{"line":34,"column":null}},"type":"binary-expr","locations":[{"start":{"line":33,"column":6},"end":{"line":33,"column":null}},{"start":{"line":34,"column":8},"end":{"line":34,"column":null}}],"line":33},"2":{"loc":{"start":{"line":35,"column":6},"end":{"line":36,"column":null}},"type":"binary-expr","locations":[{"start":{"line":35,"column":6},"end":{"line":35,"column":null}},{"start":{"line":36,"column":8},"end":{"line":36,"column":null}}],"line":35}},"s":{"0":1,"1":0,"2":1,"3":1,"4":0,"5":1},"f":{"0":0,"1":0},"b":{"0":[0],"1":[0,0],"2":[0,0]},"meta":{"lastBranch":3,"lastFunction":2,"lastStatement":6,"seen":{"s:6:19:19:Infinity":0,"f:9:2:9:3":0,"s:9:38:19:Infinity":1,"s:22:0:22:Infinity":2,"s:24:18:41:Infinity":3,"f:27:2:27:3":1,"s:27:54:41:Infinity":4,"b:27:30:27:40":0,"b:33:6:33:Infinity:34:8:34:Infinity":1,"b:35:6:35:Infinity:36:8:36:Infinity":2,"s:44:0:44:Infinity":5}}}
,"/app/src/components/ui/sheet.tsx": {"path":"/app/src/components/ui/sheet.tsx","statementMap":{"0":{"start":{"line":8,"column":14},"end":{"line":8,"column":33}},"1":{"start":{"line":10,"column":21},"end":{"line":10,"column":43}},"2":{"start":{"line":12,"column":19},"end":{"line":12,"column":39}},"3":{"start":{"line":14,"column":20},"end":{"line":14,"column":41}},"4":{"start":{"line":16,"column":21},"end":{"line":26,"column":null}},"5":{"start":{"line":19,"column":28},"end":{"line":26,"column":null}},"6":{"start":{"line":29,"column":0},"end":{"line":29,"column":null}},"7":{"start":{"line":31,"column":6},"end":{"line":47,"column":null}},"8":{"start":{"line":54,"column":21},"end":{"line":68,"column":null}},"9":{"start":{"line":57,"column":54},"end":{"line":68,"column":null}},"10":{"start":{"line":73,"column":0},"end":{"line":73,"column":null}},"11":{"start":{"line":75,"column":20},"end":{"line":84,"column":null}},"12":{"start":{"line":78,"column":39},"end":{"line":84,"column":null}},"13":{"start":{"line":87,"column":0},"end":{"line":87,"column":null}},"14":{"start":{"line":89,"column":20},"end":{"line":98,"column":null}},"15":{"start":{"line":92,"column":39},"end":{"line":98,"column":null}},"16":{"start":{"line":101,"column":0},"end":{"line":101,"column":null}},"17":{"start":{"line":103,"column":19},"end":{"line":110,"column":null}},"18":{"start":{"line":106,"column":28},"end":{"line":110,"column":null}},"19":{"start":{"line":113,"column":0},"end":{"line":113,"column":null}},"20":{"start":{"line":115,"column":25},"end":{"line":122,"column":null}},"21":{"start":{"line":118,"column":28},"end":{"line":122,"column":null}},"22":{"start":{"line":125,"column":0},"end":{"line":125,"column":null}}},"fnMap":{"0":{"name":"(anonymous_0)","decl":{"start":{"line":19,"column":2},"end":{"line":19,"column":3}},"loc":{"start":{"line":19,"column":28},"end":{"line":26,"column":null}},"line":19},"1":{"name":"(anonymous_1)","decl":{"start":{"line":57,"column":2},"end":{"line":57,"column":3}},"loc":{"start":{"line":57,"column":54},"end":{"line":68,"column":null}},"line":57},"2":{"name":"(anonymous_2)","decl":{"start":{"line":75,"column":20},"end":{"line":75,"column":21}},"loc":{"start":{"line":78,"column":39},"end":{"line":84,"column":null}},"line":78},"3":{"name":"(anonymous_3)","decl":{"start":{"line":89,"column":20},"end":{"line":89,"column":21}},"loc":{"start":{"line":92,"column":39},"end":{"line":98,"column":null}},"line":92},"4":{"name":"(anonymous_4)","decl":{"start":{"line":106,"column":2},"end":{"line":106,"column":3}},"loc":{"start":{"line":106,"column":28},"end":{"line":110,"column":null}},"line":106},"5":{"name":"(anonymous_5)","decl":{"start":{"line":118,"column":2},"end":{"line":118,"column":3}},"loc":{"start":{"line":118,"column":28},"end":{"line":122,"column":null}},"line":118}},"branchMap":{"0":{"loc":{"start":{"line":57,"column":5},"end":{"line":57,"column":19}},"type":"default-arg","locations":[{"start":{"line":57,"column":12},"end":{"line":57,"column":19}}],"line":57}},"s":{"0":1,"1":1,"2":1,"3":1,"4":1,"5":0,"6":1,"7":1,"8":1,"9":8,"10":1,"11":1,"12":0,"13":1,"14":1,"15":0,"16":1,"17":1,"18":0,"19":1,"20":1,"21":0,"22":1},"f":{"0":0,"1":8,"2":0,"3":0,"4":0,"5":0},"b":{"0":[8]},"meta":{"lastBranch":1,"lastFunction":6,"lastStatement":23,"seen":{"s:8:14:8:33":0,"s:10:21:10:43":1,"s:12:19:12:39":2,"s:14:20:14:41":3,"s:16:21:26:Infinity":4,"f:19:2:19:3":0,"s:19:28:26:Infinity":5,"s:29:0:29:Infinity":6,"s:31:6:47:Infinity":7,"s:54:21:68:Infinity":8,"f:57:2:57:3":1,"s:57:54:68:Infinity":9,"b:57:12:57:19":0,"s:73:0:73:Infinity":10,"s:75:20:84:Infinity":11,"f:75:20:75:21":2,"s:78:39:84:Infinity":12,"s:87:0:87:Infinity":13,"s:89:20:98:Infinity":14,"f:89:20:89:21":3,"s:92:39:98:Infinity":15,"s:101:0:101:Infinity":16,"s:103:19:110:Infinity":17,"f:106:2:106:3":4,"s:106:28:110:Infinity":18,"s:113:0:113:Infinity":19,"s:115:25:122:Infinity":20,"f:118:2:118:3":5,"s:118:28:122:Infinity":21,"s:125:0:125:Infinity":22}}}
,"/app/src/contexts/TierContext.tsx": {"path":"/app/src/contexts/TierContext.tsx","statementMap":{"0":{"start":{"line":13,"column":6},"end":{"line":13,"column":null}},"1":{"start":{"line":15,"column":28},"end":{"line":85,"column":null}},"2":{"start":{"line":16,"column":47},"end":{"line":16,"column":null}},"3":{"start":{"line":20,"column":19},"end":{"line":20,"column":null}},"4":{"start":{"line":21,"column":28},"end":{"line":21,"column":null}},"5":{"start":{"line":24,"column":25},"end":{"line":24,"column":null}},"6":{"start":{"line":25,"column":22},"end":{"line":25,"column":null}},"7":{"start":{"line":27,"column":49},"end":{"line":70,"column":null}},"8":{"start":{"line":72,"column":27},"end":{"line":78,"column":null}},"9":{"start":{"line":74,"column":4},"end":{"line":74,"column":null}},"10":{"start":{"line":74,"column":22},"end":{"line":74,"column":null}},"11":{"start":{"line":77,"column":4},"end":{"line":77,"column":null}},"12":{"start":{"line":80,"column":2},"end":{"line":82,"column":null}},"13":{"start":{"line":87,"column":23},"end":{"line":93,"column":null}},"14":{"start":{"line":88,"column":8},"end":{"line":88,"column":null}},"15":{"start":{"line":89,"column":2},"end":{"line":91,"column":null}},"16":{"start":{"line":90,"column":4},"end":{"line":90,"column":null}},"17":{"start":{"line":92,"column":2},"end":{"line":92,"column":null}}},"fnMap":{"0":{"name":"(anonymous_0)","decl":{"start":{"line":15,"column":28},"end":{"line":15,"column":29}},"loc":{"start":{"line":15,"column":66},"end":{"line":85,"column":null}},"line":15},"1":{"name":"(anonymous_1)","decl":{"start":{"line":72,"column":27},"end":{"line":72,"column":28}},"loc":{"start":{"line":72,"column":28},"end":{"line":78,"column":null}},"line":72},"2":{"name":"(anonymous_2)","decl":{"start":{"line":87,"column":23},"end":{"line":87,"column":null}},"loc":{"start":{"line":87,"column":23},"end":{"line":93,"column":null}},"line":87}},"branchMap":{"0":{"loc":{"start":{"line":20,"column":19},"end":{"line":20,"column":null}},"type":"binary-expr","locations":[{"start":{"line":20,"column":19},"end":{"line":20,"column":47}},{"start":{"line":20,"column":47},"end":{"line":20,"column":null}}],"line":20},"1":{"loc":{"start":{"line":21,"column":28},"end":{"line":21,"column":null}},"type":"binary-expr","locations":[{"start":{"line":21,"column":28},"end":{"line":21,"column":40}},{"start":{"line":21,"column":40},"end":{"line":21,"column":null}}],"line":21},"2":{"loc":{"start":{"line":24,"column":25},"end":{"line":24,"column":null}},"type":"cond-expr","locations":[{"start":{"line":24,"column":40},"end":{"line":24,"column":50}},{"start":{"line":24,"column":50},"end":{"line":24,"column":null}}],"line":24},"3":{"loc":{"start":{"line":24,"column":50},"end":{"line":24,"column":null}},"type":"binary-expr","locations":[{"start":{"line":24,"column":50},"end":{"line":24,"column":90}},{"start":{"line":24,"column":90},"end":{"line":24,"column":null}}],"line":24},"4":{"loc":{"start":{"line":25,"column":22},"end":{"line":25,"column":null}},"type":"cond-expr","locations":[{"start":{"line":25,"column":37},"end":{"line":25,"column":47}},{"start":{"line":25,"column":47},"end":{"line":25,"column":null}}],"line":25},"5":{"loc":{"start":{"line":25,"column":47},"end":{"line":25,"column":null}},"type":"binary-expr","locations":[{"start":{"line":25,"column":47},"end":{"line":25,"column":83}},{"start":{"line":25,"column":83},"end":{"line":25,"column":null}}],"line":25},"6":{"loc":{"start":{"line":74,"column":4},"end":{"line":74,"column":null}},"type":"if","locations":[{"start":{"line":74,"column":4},"end":{"line":74,"column":null}},{"start":{},"end":{}}],"line":74},"7":{"loc":{"start":{"line":77,"column":11},"end":{"line":77,"column":null}},"type":"binary-expr","locations":[{"start":{"line":77,"column":11},"end":{"line":77,"column":65}},{"start":{"line":77,"column":65},"end":{"line":77,"column":null}}],"line":77},"8":{"loc":{"start":{"line":89,"column":2},"end":{"line":91,"column":null}},"type":"if","locations":[{"start":{"line":89,"column":2},"end":{"line":91,"column":null}},{"start":{},"end":{}}],"line":89}},"s":{"0":3,"1":3,"2":31,"3":31,"4":31,"5":31,"6":31,"7":31,"8":31,"9":8,"10":0,"11":8,"12":31,"13":3,"14":8,"15":8,"16":0,"17":8},"f":{"0":31,"1":8,"2":8},"b":{"0":[31,31],"1":[31,31],"2":[0,31],"3":[31,31],"4":[0,31],"5":[31,31],"6":[0,8],"7":[8,8],"8":[0,8]},"meta":{"lastBranch":9,"lastFunction":3,"lastStatement":18,"seen":{"s:13:6:13:Infinity":0,"s:15:28:85:Infinity":1,"f:15:28:15:29":0,"s:16:47:16:Infinity":2,"s:20:19:20:Infinity":3,"b:20:19:20:47:20:47:20:Infinity":0,"s:21:28:21:Infinity":4,"b:21:28:21:40:21:40:21:Infinity":1,"s:24:25:24:Infinity":5,"b:24:40:24:50:24:50:24:Infinity":2,"b:24:50:24:90:24:90:24:Infinity":3,"s:25:22:25:Infinity":6,"b:25:37:25:47:25:47:25:Infinity":4,"b:25:47:25:83:25:83:25:Infinity":5,"s:27:49:70:Infinity":7,"s:72:27:78:Infinity":8,"f:72:27:72:28":1,"b:74:4:74:Infinity:undefined:undefined:undefined:undefined":6,"s:74:4:74:Infinity":9,"s:74:22:74:Infinity":10,"s:77:4:77:Infinity":11,"b:77:11:77:65:77:65:77:Infinity":7,"s:80:2:82:Infinity":12,"s:87:23:93:Infinity":13,"f:87:23:87:Infinity":2,"s:88:8:88:Infinity":14,"b:89:2:91:Infinity:undefined:undefined:undefined:undefined":8,"s:89:2:91:Infinity":15,"s:90:4:90:Infinity":16,"s:92:2:92:Infinity":17}}}
,"/app/src/hooks/use-mobile.tsx": {"path":"/app/src/hooks/use-mobile.tsx","statementMap":{"0":{"start":{"line":3,"column":26},"end":{"line":3,"column":null}},"1":{"start":{"line":6,"column":34},"end":{"line":6,"column":null}},"2":{"start":{"line":8,"column":2},"end":{"line":23,"column":null}},"3":{"start":{"line":9,"column":24},"end":{"line":11,"column":null}},"4":{"start":{"line":10,"column":6},"end":{"line":10,"column":null}},"5":{"start":{"line":14,"column":4},"end":{"line":14,"column":null}},"6":{"start":{"line":17,"column":4},"end":{"line":17,"column":null}},"7":{"start":{"line":20,"column":4},"end":{"line":22,"column":null}},"8":{"start":{"line":21,"column":6},"end":{"line":21,"column":null}},"9":{"start":{"line":25,"column":2},"end":{"line":25,"column":null}}},"fnMap":{"0":{"name":"useIsMobile","decl":{"start":{"line":5,"column":16},"end":{"line":5,"column":null}},"loc":{"start":{"line":5,"column":16},"end":{"line":26,"column":null}},"line":5},"1":{"name":"(anonymous_1)","decl":{"start":{"line":8,"column":18},"end":{"line":8,"column":null}},"loc":{"start":{"line":8,"column":18},"end":{"line":23,"column":5}},"line":8},"2":{"name":"(anonymous_2)","decl":{"start":{"line":9,"column":24},"end":{"line":9,"column":null}},"loc":{"start":{"line":9,"column":24},"end":{"line":11,"column":null}},"line":9},"3":{"name":"(anonymous_3)","decl":{"start":{"line":20,"column":11},"end":{"line":20,"column":null}},"loc":{"start":{"line":20,"column":11},"end":{"line":22,"column":null}},"line":20}},"branchMap":{},"s":{"0":1,"1":8,"2":8,"3":4,"4":4,"5":4,"6":4,"7":4,"8":4,"9":8},"f":{"0":8,"1":4,"2":4,"3":4},"b":{},"meta":{"lastBranch":0,"lastFunction":4,"lastStatement":10,"seen":{"s:3:26:3:Infinity":0,"f:5:16:5:Infinity":0,"s:6:34:6:Infinity":1,"s:8:2:23:Infinity":2,"f:8:18:8:Infinity":1,"s:9:24:11:Infinity":3,"f:9:24:9:Infinity":2,"s:10:6:10:Infinity":4,"s:14:4:14:Infinity":5,"s:17:4:17:Infinity":6,"s:20:4:22:Infinity":7,"f:20:11:20:Infinity":3,"s:21:6:21:Infinity":8,"s:25:2:25:Infinity":9}}}
,"/app/src/hooks/useAuth.tsx": {"path":"/app/src/hooks/useAuth.tsx","statementMap":{"0":{"start":{"line":17,"column":6},"end":{"line":17,"column":null}},"1":{"start":{"line":19,"column":28},"end":{"line":122,"column":null}},"2":{"start":{"line":20,"column":23},"end":{"line":20,"column":null}},"3":{"start":{"line":21,"column":29},"end":{"line":21,"column":null}},"4":{"start":{"line":22,"column":29},"end":{"line":22,"column":null}},"5":{"start":{"line":23,"column":51},"end":{"line":23,"column":null}},"6":{"start":{"line":25,"column":2},"end":{"line":57,"column":null}},"7":{"start":{"line":26,"column":18},"end":{"line":26,"column":null}},"8":{"start":{"line":29,"column":36},"end":{"line":29,"column":null}},"9":{"start":{"line":30,"column":6},"end":{"line":34,"column":null}},"10":{"start":{"line":31,"column":8},"end":{"line":31,"column":null}},"11":{"start":{"line":32,"column":8},"end":{"line":32,"column":null}},"12":{"start":{"line":33,"column":8},"end":{"line":33,"column":null}},"13":{"start":{"line":37,"column":4},"end":{"line":37,"column":null}},"14":{"start":{"line":39,"column":39},"end":{"line":50,"column":null}},"15":{"start":{"line":41,"column":8},"end":{"line":41,"column":null}},"16":{"start":{"line":42,"column":8},"end":{"line":44,"column":null}},"17":{"start":{"line":43,"column":10},"end":{"line":43,"column":null}},"18":{"start":{"line":45,"column":8},"end":{"line":49,"column":null}},"19":{"start":{"line":46,"column":10},"end":{"line":46,"column":null}},"20":{"start":{"line":47,"column":10},"end":{"line":47,"column":null}},"21":{"start":{"line":48,"column":10},"end":{"line":48,"column":null}},"22":{"start":{"line":53,"column":4},"end":{"line":56,"column":null}},"23":{"start":{"line":54,"column":6},"end":{"line":54,"column":null}},"24":{"start":{"line":55,"column":6},"end":{"line":55,"column":null}},"25":{"start":{"line":59,"column":17},"end":{"line":91,"column":null}},"26":{"start":{"line":60,"column":24},"end":{"line":60,"column":52}},"27":{"start":{"line":62,"column":28},"end":{"line":71,"column":null}},"28":{"start":{"line":74,"column":4},"end":{"line":88,"column":null}},"29":{"start":{"line":75,"column":38},"end":{"line":83,"column":null}},"30":{"start":{"line":85,"column":6},"end":{"line":87,"column":null}},"31":{"start":{"line":86,"column":8},"end":{"line":86,"column":null}},"32":{"start":{"line":90,"column":4},"end":{"line":90,"column":null}},"33":{"start":{"line":93,"column":17},"end":{"line":99,"column":null}},"34":{"start":{"line":94,"column":22},"end":{"line":97,"column":null}},"35":{"start":{"line":98,"column":4},"end":{"line":98,"column":null}},"36":{"start":{"line":101,"column":18},"end":{"line":103,"column":null}},"37":{"start":{"line":102,"column":4},"end":{"line":102,"column":null}},"38":{"start":{"line":105,"column":24},"end":{"line":110,"column":null}},"39":{"start":{"line":106,"column":22},"end":{"line":108,"column":null}},"40":{"start":{"line":109,"column":4},"end":{"line":109,"column":null}},"41":{"start":{"line":112,"column":25},"end":{"line":115,"column":null}},"42":{"start":{"line":113,"column":22},"end":{"line":113,"column":null}},"43":{"start":{"line":114,"column":4},"end":{"line":114,"column":null}},"44":{"start":{"line":117,"column":2},"end":{"line":119,"column":null}},"45":{"start":{"line":124,"column":23},"end":{"line":130,"column":null}},"46":{"start":{"line":125,"column":8},"end":{"line":125,"column":null}},"47":{"start":{"line":126,"column":2},"end":{"line":128,"column":null}},"48":{"start":{"line":127,"column":4},"end":{"line":127,"column":null}},"49":{"start":{"line":129,"column":2},"end":{"line":129,"column":null}}},"fnMap":{"0":{"name":"(anonymous_0)","decl":{"start":{"line":19,"column":28},"end":{"line":19,"column":29}},"loc":{"start":{"line":19,"column":72},"end":{"line":122,"column":null}},"line":19},"1":{"name":"(anonymous_1)","decl":{"start":{"line":25,"column":12},"end":{"line":25,"column":null}},"loc":{"start":{"line":25,"column":12},"end":{"line":57,"column":5}},"line":25},"2":{"name":"initializeAuth","decl":{"start":{"line":28,"column":19},"end":{"line":28,"column":null}},"loc":{"start":{"line":28,"column":19},"end":{"line":35,"column":null}},"line":28},"3":{"name":"(anonymous_3)","decl":{"start":{"line":40,"column":6},"end":{"line":40,"column":7}},"loc":{"start":{"line":40,"column":14},"end":{"line":50,"column":null}},"line":40},"4":{"name":"(anonymous_4)","decl":{"start":{"line":53,"column":11},"end":{"line":53,"column":null}},"loc":{"start":{"line":53,"column":11},"end":{"line":56,"column":null}},"line":53},"5":{"name":"(anonymous_5)","decl":{"start":{"line":59,"column":17},"end":{"line":59,"column":24}},"loc":{"start":{"line":59,"column":57},"end":{"line":91,"column":null}},"line":59},"6":{"name":"(anonymous_6)","decl":{"start":{"line":93,"column":17},"end":{"line":93,"column":24}},"loc":{"start":{"line":93,"column":39},"end":{"line":99,"column":null}},"line":93},"7":{"name":"(anonymous_7)","decl":{"start":{"line":101,"column":18},"end":{"line":101,"column":null}},"loc":{"start":{"line":101,"column":18},"end":{"line":103,"column":null}},"line":101},"8":{"name":"(anonymous_8)","decl":{"start":{"line":105,"column":24},"end":{"line":105,"column":31}},"loc":{"start":{"line":105,"column":31},"end":{"line":110,"column":null}},"line":105},"9":{"name":"(anonymous_9)","decl":{"start":{"line":112,"column":25},"end":{"line":112,"column":32}},"loc":{"start":{"line":112,"column":32},"end":{"line":115,"column":null}},"line":112},"10":{"name":"(anonymous_10)","decl":{"start":{"line":124,"column":23},"end":{"line":124,"column":null}},"loc":{"start":{"line":124,"column":23},"end":{"line":130,"column":null}},"line":124}},"branchMap":{"0":{"loc":{"start":{"line":30,"column":6},"end":{"line":34,"column":null}},"type":"if","locations":[{"start":{"line":30,"column":6},"end":{"line":34,"column":null}},{"start":{},"end":{}}],"line":30},"1":{"loc":{"start":{"line":32,"column":16},"end":{"line":32,"column":null}},"type":"binary-expr","locations":[{"start":{"line":32,"column":16},"end":{"line":32,"column":33}},{"start":{"line":32,"column":33},"end":{"line":32,"column":null}}],"line":32},"2":{"loc":{"start":{"line":42,"column":8},"end":{"line":44,"column":null}},"type":"if","locations":[{"start":{"line":42,"column":8},"end":{"line":44,"column":null}},{"start":{},"end":{}}],"line":42},"3":{"loc":{"start":{"line":45,"column":8},"end":{"line":49,"column":null}},"type":"if","locations":[{"start":{"line":45,"column":8},"end":{"line":49,"column":null}},{"start":{},"end":{}}],"line":45},"4":{"loc":{"start":{"line":47,"column":18},"end":{"line":47,"column":null}},"type":"binary-expr","locations":[{"start":{"line":47,"column":18},"end":{"line":47,"column":35}},{"start":{"line":47,"column":35},"end":{"line":47,"column":null}}],"line":47},"5":{"loc":{"start":{"line":74,"column":4},"end":{"line":88,"column":null}},"type":"if","locations":[{"start":{"line":74,"column":4},"end":{"line":88,"column":null}},{"start":{},"end":{}}],"line":74},"6":{"loc":{"start":{"line":74,"column":8},"end":{"line":74,"column":41}},"type":"binary-expr","locations":[{"start":{"line":74,"column":8},"end":{"line":74,"column":18}},{"start":{"line":74,"column":18},"end":{"line":74,"column":27}},{"start":{"line":74,"column":31},"end":{"line":74,"column":41}}],"line":74},"7":{"loc":{"start":{"line":85,"column":6},"end":{"line":87,"column":null}},"type":"if","locations":[{"start":{"line":85,"column":6},"end":{"line":87,"column":null}},{"start":{},"end":{}}],"line":85},"8":{"loc":{"start":{"line":126,"column":2},"end":{"line":128,"column":null}},"type":"if","locations":[{"start":{"line":126,"column":2},"end":{"line":128,"column":null}},{"start":{},"end":{}}],"line":126}},"s":{"0":2,"1":2,"2":17,"3":17,"4":17,"5":17,"6":17,"7":8,"8":8,"9":8,"10":1,"11":1,"12":1,"13":8,"14":8,"15":8,"16":8,"17":0,"18":8,"19":8,"20":8,"21":8,"22":8,"23":8,"24":8,"25":17,"26":0,"27":0,"28":0,"29":0,"30":0,"31":0,"32":0,"33":17,"34":0,"35":0,"36":17,"37":0,"38":17,"39":0,"40":0,"41":17,"42":0,"43":0,"44":17,"45":2,"46":23,"47":23,"48":0,"49":23},"f":{"0":17,"1":8,"2":8,"3":8,"4":8,"5":0,"6":0,"7":0,"8":0,"9":0,"10":23},"b":{"0":[1,7],"1":[1,1],"2":[0,8],"3":[8,0],"4":[8,8],"5":[0,0],"6":[0,0,0],"7":[0,0],"8":[0,23]},"meta":{"lastBranch":9,"lastFunction":11,"lastStatement":50,"seen":{"s:17:6:17:Infinity":0,"s:19:28:122:Infinity":1,"f:19:28:19:29":0,"s:20:23:20:Infinity":2,"s:21:29:21:Infinity":3,"s:22:29:22:Infinity":4,"s:23:51:23:Infinity":5,"s:25:2:57:Infinity":6,"f:25:12:25:Infinity":1,"s:26:18:26:Infinity":7,"f:28:19:28:Infinity":2,"s:29:36:29:Infinity":8,"b:30:6:34:Infinity:undefined:undefined:undefined:undefined":0,"s:30:6:34:Infinity":9,"s:31:8:31:Infinity":10,"s:32:8:32:Infinity":11,"b:32:16:32:33:32:33:32:Infinity":1,"s:33:8:33:Infinity":12,"s:37:4:37:Infinity":13,"s:39:39:50:Infinity":14,"f:40:6:40:7":3,"s:41:8:41:Infinity":15,"b:42:8:44:Infinity:undefined:undefined:undefined:undefined":2,"s:42:8:44:Infinity":16,"s:43:10:43:Infinity":17,"b:45:8:49:Infinity:undefined:undefined:undefined:undefined":3,"s:45:8:49:Infinity":18,"s:46:10:46:Infinity":19,"s:47:10:47:Infinity":20,"b:47:18:47:35:47:35:47:Infinity":4,"s:48:10:48:Infinity":21,"s:53:4:56:Infinity":22,"f:53:11:53:Infinity":4,"s:54:6:54:Infinity":23,"s:55:6:55:Infinity":24,"s:59:17:91:Infinity":25,"f:59:17:59:24":5,"s:60:24:60:52":26,"s:62:28:71:Infinity":27,"b:74:4:88:Infinity:undefined:undefined:undefined:undefined":5,"s:74:4:88:Infinity":28,"b:74:8:74:18:74:18:74:27:74:31:74:41":6,"s:75:38:83:Infinity":29,"b:85:6:87:Infinity:undefined:undefined:undefined:undefined":7,"s:85:6:87:Infinity":30,"s:86:8:86:Infinity":31,"s:90:4:90:Infinity":32,"s:93:17:99:Infinity":33,"f:93:17:93:24":6,"s:94:22:97:Infinity":34,"s:98:4:98:Infinity":35,"s:101:18:103:Infinity":36,"f:101:18:101:Infinity":7,"s:102:4:102:Infinity":37,"s:105:24:110:Infinity":38,"f:105:24:105:31":8,"s:106:22:108:Infinity":39,"s:109:4:109:Infinity":40,"s:112:25:115:Infinity":41,"f:112:25:112:32":9,"s:113:22:113:Infinity":42,"s:114:4:114:Infinity":43,"s:117:2:119:Infinity":44,"s:124:23:130:Infinity":45,"f:124:23:124:Infinity":10,"s:125:8:125:Infinity":46,"b:126:2:128:Infinity:undefined:undefined:undefined:undefined":8,"s:126:2:128:Infinity":47,"s:127:4:127:Infinity":48,"s:129:2:129:Infinity":49}}}
,"/app/src/hooks/usePrefetch.tsx": {"path":"/app/src/hooks/usePrefetch.tsx","statementMap":{"0":{"start":{"line":10,"column":23},"end":{"line":10,"column":null}},"1":{"start":{"line":14,"column":27},"end":{"line":266,"column":null}},"2":{"start":{"line":15,"column":8},"end":{"line":15,"column":null}},"3":{"start":{"line":18,"column":8},"end":{"line":51,"column":null}},"4":{"start":{"line":19,"column":4},"end":{"line":19,"column":null}},"5":{"start":{"line":19,"column":41},"end":{"line":19,"column":null}},"6":{"start":{"line":20,"column":4},"end":{"line":20,"column":null}},"7":{"start":{"line":23,"column":4},"end":{"line":35,"column":null}},"8":{"start":{"line":26,"column":25},"end":{"line":31,"column":null}},"9":{"start":{"line":32,"column":8},"end":{"line":32,"column":null}},"10":{"start":{"line":38,"column":4},"end":{"line":50,"column":null}},"11":{"start":{"line":41,"column":25},"end":{"line":46,"column":null}},"12":{"start":{"line":47,"column":8},"end":{"line":47,"column":null}},"13":{"start":{"line":54,"column":8},"end":{"line":123,"column":null}},"14":{"start":{"line":55,"column":4},"end":{"line":55,"column":null}},"15":{"start":{"line":55,"column":37},"end":{"line":55,"column":null}},"16":{"start":{"line":56,"column":4},"end":{"line":56,"column":null}},"17":{"start":{"line":58,"column":28},"end":{"line":58,"column":null}},"18":{"start":{"line":61,"column":4},"end":{"line":86,"column":null}},"19":{"start":{"line":64,"column":32},"end":{"line":68,"column":null}},"20":{"start":{"line":70,"column":8},"end":{"line":70,"column":null}},"21":{"start":{"line":70,"column":19},"end":{"line":70,"column":null}},"22":{"start":{"line":72,"column":22},"end":{"line":77,"column":null}},"23":{"start":{"line":72,"column":48},"end":{"line":77,"column":null}},"24":{"start":{"line":79,"column":8},"end":{"line":82,"column":null}},"25":{"start":{"line":89,"column":4},"end":{"line":122,"column":null}},"26":{"start":{"line":92,"column":32},"end":{"line":97,"column":null}},"27":{"start":{"line":99,"column":8},"end":{"line":99,"column":null}},"28":{"start":{"line":99,"column":19},"end":{"line":99,"column":null}},"29":{"start":{"line":101,"column":22},"end":{"line":112,"column":null}},"30":{"start":{"line":102,"column":10},"end":{"line":112,"column":null}},"31":{"start":{"line":102,"column":66},"end":{"line":112,"column":null}},"32":{"start":{"line":115,"column":8},"end":{"line":118,"column":null}},"33":{"start":{"line":126,"column":8},"end":{"line":143,"column":null}},"34":{"start":{"line":127,"column":4},"end":{"line":127,"column":null}},"35":{"start":{"line":127,"column":43},"end":{"line":127,"column":null}},"36":{"start":{"line":128,"column":4},"end":{"line":128,"column":null}},"37":{"start":{"line":130,"column":4},"end":{"line":142,"column":null}},"38":{"start":{"line":133,"column":25},"end":{"line":138,"column":null}},"39":{"start":{"line":139,"column":8},"end":{"line":139,"column":null}},"40":{"start":{"line":146,"column":8},"end":{"line":222,"column":null}},"41":{"start":{"line":147,"column":4},"end":{"line":147,"column":null}},"42":{"start":{"line":147,"column":50},"end":{"line":147,"column":null}},"43":{"start":{"line":148,"column":4},"end":{"line":148,"column":null}},"44":{"start":{"line":151,"column":4},"end":{"line":163,"column":null}},"45":{"start":{"line":154,"column":32},"end":{"line":158,"column":null}},"46":{"start":{"line":159,"column":8},"end":{"line":159,"column":null}},"47":{"start":{"line":159,"column":19},"end":{"line":159,"column":null}},"48":{"start":{"line":160,"column":8},"end":{"line":160,"column":null}},"49":{"start":{"line":166,"column":4},"end":{"line":183,"column":null}},"50":{"start":{"line":169,"column":32},"end":{"line":178,"column":null}},"51":{"start":{"line":179,"column":8},"end":{"line":179,"column":null}},"52":{"start":{"line":179,"column":19},"end":{"line":179,"column":null}},"53":{"start":{"line":180,"column":8},"end":{"line":180,"column":null}},"54":{"start":{"line":186,"column":4},"end":{"line":202,"column":null}},"55":{"start":{"line":189,"column":32},"end":{"line":197,"column":null}},"56":{"start":{"line":198,"column":8},"end":{"line":198,"column":null}},"57":{"start":{"line":198,"column":19},"end":{"line":198,"column":null}},"58":{"start":{"line":199,"column":8},"end":{"line":199,"column":null}},"59":{"start":{"line":205,"column":4},"end":{"line":221,"column":null}},"60":{"start":{"line":208,"column":32},"end":{"line":216,"column":null}},"61":{"start":{"line":217,"column":8},"end":{"line":217,"column":null}},"62":{"start":{"line":217,"column":19},"end":{"line":217,"column":null}},"63":{"start":{"line":218,"column":8},"end":{"line":218,"column":null}},"64":{"start":{"line":224,"column":8},"end":{"line":235,"column":null}},"65":{"start":{"line":226,"column":4},"end":{"line":234,"column":null}},"66":{"start":{"line":227,"column":6},"end":{"line":227,"column":null}},"67":{"start":{"line":228,"column":11},"end":{"line":234,"column":null}},"68":{"start":{"line":229,"column":6},"end":{"line":229,"column":null}},"69":{"start":{"line":230,"column":11},"end":{"line":234,"column":null}},"70":{"start":{"line":231,"column":6},"end":{"line":231,"column":null}},"71":{"start":{"line":232,"column":11},"end":{"line":234,"column":null}},"72":{"start":{"line":233,"column":6},"end":{"line":233,"column":null}},"73":{"start":{"line":238,"column":8},"end":{"line":246,"column":null}},"74":{"start":{"line":240,"column":4},"end":{"line":245,"column":null}},"75":{"start":{"line":241,"column":6},"end":{"line":241,"column":null}},"76":{"start":{"line":242,"column":6},"end":{"line":242,"column":null}},"77":{"start":{"line":243,"column":6},"end":{"line":243,"column":null}},"78":{"start":{"line":244,"column":6},"end":{"line":244,"column":null}},"79":{"start":{"line":248,"column":8},"end":{"line":250,"column":null}},"80":{"start":{"line":249,"column":4},"end":{"line":249,"column":null}},"81":{"start":{"line":252,"column":8},"end":{"line":254,"column":null}},"82":{"start":{"line":253,"column":4},"end":{"line":253,"column":null}},"83":{"start":{"line":256,"column":2},"end":{"line":265,"column":null}},"84":{"start":{"line":269,"column":31},"end":{"line":275,"column":null}},"85":{"start":{"line":270,"column":33},"end":{"line":270,"column":null}},"86":{"start":{"line":272,"column":2},"end":{"line":274,"column":null}},"87":{"start":{"line":273,"column":4},"end":{"line":273,"column":null}}},"fnMap":{"0":{"name":"(anonymous_0)","decl":{"start":{"line":14,"column":27},"end":{"line":14,"column":null}},"loc":{"start":{"line":14,"column":27},"end":{"line":266,"column":null}},"line":14},"1":{"name":"(anonymous_1)","decl":{"start":{"line":18,"column":44},"end":{"line":18,"column":null}},"loc":{"start":{"line":18,"column":44},"end":{"line":51,"column":5}},"line":18},"2":{"name":"(anonymous_2)","decl":{"start":{"line":25,"column":15},"end":{"line":25,"column":null}},"loc":{"start":{"line":25,"column":15},"end":{"line":33,"column":null}},"line":25},"3":{"name":"(anonymous_3)","decl":{"start":{"line":40,"column":15},"end":{"line":40,"column":null}},"loc":{"start":{"line":40,"column":15},"end":{"line":48,"column":null}},"line":40},"4":{"name":"(anonymous_4)","decl":{"start":{"line":54,"column":40},"end":{"line":54,"column":null}},"loc":{"start":{"line":54,"column":40},"end":{"line":123,"column":5}},"line":54},"5":{"name":"(anonymous_5)","decl":{"start":{"line":63,"column":15},"end":{"line":63,"column":22}},"loc":{"start":{"line":63,"column":39},"end":{"line":83,"column":null}},"line":63},"6":{"name":"(anonymous_6)","decl":{"start":{"line":72,"column":39},"end":{"line":72,"column":48}},"loc":{"start":{"line":72,"column":48},"end":{"line":77,"column":null}},"line":72},"7":{"name":"(anonymous_7)","decl":{"start":{"line":91,"column":15},"end":{"line":91,"column":22}},"loc":{"start":{"line":91,"column":39},"end":{"line":119,"column":null}},"line":91},"8":{"name":"(anonymous_8)","decl":{"start":{"line":101,"column":43},"end":{"line":101,"column":44}},"loc":{"start":{"line":102,"column":10},"end":{"line":112,"column":null}},"line":102},"9":{"name":"(anonymous_9)","decl":{"start":{"line":102,"column":37},"end":{"line":102,"column":38}},"loc":{"start":{"line":102,"column":66},"end":{"line":112,"column":null}},"line":102},"10":{"name":"(anonymous_10)","decl":{"start":{"line":126,"column":46},"end":{"line":126,"column":null}},"loc":{"start":{"line":126,"column":46},"end":{"line":143,"column":5}},"line":126},"11":{"name":"(anonymous_11)","decl":{"start":{"line":132,"column":15},"end":{"line":132,"column":null}},"loc":{"start":{"line":132,"column":15},"end":{"line":140,"column":null}},"line":132},"12":{"name":"(anonymous_12)","decl":{"start":{"line":146,"column":52},"end":{"line":146,"column":null}},"loc":{"start":{"line":146,"column":52},"end":{"line":222,"column":5}},"line":146},"13":{"name":"(anonymous_13)","decl":{"start":{"line":153,"column":15},"end":{"line":153,"column":null}},"loc":{"start":{"line":153,"column":15},"end":{"line":161,"column":null}},"line":153},"14":{"name":"(anonymous_14)","decl":{"start":{"line":168,"column":15},"end":{"line":168,"column":null}},"loc":{"start":{"line":168,"column":15},"end":{"line":181,"column":null}},"line":168},"15":{"name":"(anonymous_15)","decl":{"start":{"line":188,"column":15},"end":{"line":188,"column":null}},"loc":{"start":{"line":188,"column":15},"end":{"line":200,"column":null}},"line":188},"16":{"name":"(anonymous_16)","decl":{"start":{"line":207,"column":15},"end":{"line":207,"column":null}},"loc":{"start":{"line":207,"column":15},"end":{"line":219,"column":null}},"line":207},"17":{"name":"(anonymous_17)","decl":{"start":{"line":224,"column":36},"end":{"line":224,"column":37}},"loc":{"start":{"line":224,"column":37},"end":{"line":235,"column":5}},"line":224},"18":{"name":"(anonymous_18)","decl":{"start":{"line":238,"column":41},"end":{"line":238,"column":null}},"loc":{"start":{"line":238,"column":41},"end":{"line":246,"column":5}},"line":238},"19":{"name":"(anonymous_19)","decl":{"start":{"line":240,"column":15},"end":{"line":240,"column":null}},"loc":{"start":{"line":240,"column":15},"end":{"line":245,"column":7}},"line":240},"20":{"name":"(anonymous_20)","decl":{"start":{"line":248,"column":39},"end":{"line":248,"column":40}},"loc":{"start":{"line":248,"column":40},"end":{"line":250,"column":5}},"line":248},"21":{"name":"(anonymous_21)","decl":{"start":{"line":252,"column":39},"end":{"line":252,"column":40}},"loc":{"start":{"line":252,"column":40},"end":{"line":254,"column":5}},"line":252},"22":{"name":"(anonymous_22)","decl":{"start":{"line":269,"column":31},"end":{"line":269,"column":null}},"loc":{"start":{"line":269,"column":31},"end":{"line":275,"column":null}},"line":269},"23":{"name":"(anonymous_23)","decl":{"start":{"line":272,"column":12},"end":{"line":272,"column":null}},"loc":{"start":{"line":272,"column":12},"end":{"line":274,"column":5}},"line":272}},"branchMap":{"0":{"loc":{"start":{"line":19,"column":4},"end":{"line":19,"column":null}},"type":"if","locations":[{"start":{"line":19,"column":4},"end":{"line":19,"column":null}},{"start":{},"end":{}}],"line":19},"1":{"loc":{"start":{"line":32,"column":15},"end":{"line":32,"column":25}},"type":"binary-expr","locations":[{"start":{"line":32,"column":15},"end":{"line":32,"column":23}},{"start":{"line":32,"column":23},"end":{"line":32,"column":25}}],"line":32},"2":{"loc":{"start":{"line":47,"column":15},"end":{"line":47,"column":25}},"type":"binary-expr","locations":[{"start":{"line":47,"column":15},"end":{"line":47,"column":23}},{"start":{"line":47,"column":23},"end":{"line":47,"column":25}}],"line":47},"3":{"loc":{"start":{"line":55,"column":4},"end":{"line":55,"column":null}},"type":"if","locations":[{"start":{"line":55,"column":4},"end":{"line":55,"column":null}},{"start":{},"end":{}}],"line":55},"4":{"loc":{"start":{"line":63,"column":24},"end":{"line":63,"column":37}},"type":"default-arg","locations":[{"start":{"line":63,"column":36},"end":{"line":63,"column":37}}],"line":63},"5":{"loc":{"start":{"line":70,"column":8},"end":{"line":70,"column":null}},"type":"if","locations":[{"start":{"line":70,"column":8},"end":{"line":70,"column":null}},{"start":{},"end":{}}],"line":70},"6":{"loc":{"start":{"line":72,"column":23},"end":{"line":72,"column":32}},"type":"binary-expr","locations":[{"start":{"line":72,"column":23},"end":{"line":72,"column":31}},{"start":{"line":72,"column":31},"end":{"line":72,"column":32}}],"line":72},"7":{"loc":{"start":{"line":74,"column":22},"end":{"line":74,"column":null}},"type":"binary-expr","locations":[{"start":{"line":74,"column":22},"end":{"line":74,"column":37}},{"start":{"line":74,"column":41},"end":{"line":74,"column":null}}],"line":74},"8":{"loc":{"start":{"line":75,"column":23},"end":{"line":75,"column":null}},"type":"binary-expr","locations":[{"start":{"line":75,"column":23},"end":{"line":75,"column":39}},{"start":{"line":75,"column":43},"end":{"line":75,"column":null}}],"line":75},"9":{"loc":{"start":{"line":76,"column":23},"end":{"line":76,"column":null}},"type":"binary-expr","locations":[{"start":{"line":76,"column":23},"end":{"line":76,"column":39}},{"start":{"line":76,"column":43},"end":{"line":76,"column":null}}],"line":76},"10":{"loc":{"start":{"line":81,"column":20},"end":{"line":81,"column":null}},"type":"cond-expr","locations":[{"start":{"line":81,"column":62},"end":{"line":81,"column":78}},{"start":{"line":81,"column":78},"end":{"line":81,"column":null}}],"line":81},"11":{"loc":{"start":{"line":81,"column":20},"end":{"line":81,"column":62}},"type":"binary-expr","locations":[{"start":{"line":81,"column":20},"end":{"line":81,"column":28}},{"start":{"line":81,"column":28},"end":{"line":81,"column":62}}],"line":81},"12":{"loc":{"start":{"line":91,"column":24},"end":{"line":91,"column":37}},"type":"default-arg","locations":[{"start":{"line":91,"column":36},"end":{"line":91,"column":37}}],"line":91},"13":{"loc":{"start":{"line":99,"column":8},"end":{"line":99,"column":null}},"type":"if","locations":[{"start":{"line":99,"column":8},"end":{"line":99,"column":null}},{"start":{},"end":{}}],"line":99},"14":{"loc":{"start":{"line":101,"column":23},"end":{"line":101,"column":32}},"type":"binary-expr","locations":[{"start":{"line":101,"column":23},"end":{"line":101,"column":31}},{"start":{"line":101,"column":31},"end":{"line":101,"column":32}}],"line":101},"15":{"loc":{"start":{"line":102,"column":11},"end":{"line":102,"column":30}},"type":"binary-expr","locations":[{"start":{"line":102,"column":11},"end":{"line":102,"column":25}},{"start":{"line":102,"column":29},"end":{"line":102,"column":30}}],"line":102},"16":{"loc":{"start":{"line":107,"column":27},"end":{"line":107,"column":null}},"type":"binary-expr","locations":[{"start":{"line":107,"column":27},"end":{"line":107,"column":56}},{"start":{"line":107,"column":60},"end":{"line":107,"column":null}}],"line":107},"17":{"loc":{"start":{"line":110,"column":25},"end":{"line":110,"column":null}},"type":"binary-expr","locations":[{"start":{"line":110,"column":25},"end":{"line":110,"column":44}},{"start":{"line":110,"column":48},"end":{"line":110,"column":null}}],"line":110},"18":{"loc":{"start":{"line":111,"column":25},"end":{"line":111,"column":null}},"type":"binary-expr","locations":[{"start":{"line":111,"column":25},"end":{"line":111,"column":44}},{"start":{"line":111,"column":48},"end":{"line":111,"column":null}}],"line":111},"19":{"loc":{"start":{"line":117,"column":20},"end":{"line":117,"column":null}},"type":"cond-expr","locations":[{"start":{"line":117,"column":62},"end":{"line":117,"column":78}},{"start":{"line":117,"column":78},"end":{"line":117,"column":null}}],"line":117},"20":{"loc":{"start":{"line":117,"column":20},"end":{"line":117,"column":62}},"type":"binary-expr","locations":[{"start":{"line":117,"column":20},"end":{"line":117,"column":28}},{"start":{"line":117,"column":28},"end":{"line":117,"column":62}}],"line":117},"21":{"loc":{"start":{"line":127,"column":4},"end":{"line":127,"column":null}},"type":"if","locations":[{"start":{"line":127,"column":4},"end":{"line":127,"column":null}},{"start":{},"end":{}}],"line":127},"22":{"loc":{"start":{"line":139,"column":15},"end":{"line":139,"column":25}},"type":"binary-expr","locations":[{"start":{"line":139,"column":15},"end":{"line":139,"column":23}},{"start":{"line":139,"column":23},"end":{"line":139,"column":25}}],"line":139},"23":{"loc":{"start":{"line":147,"column":4},"end":{"line":147,"column":null}},"type":"if","locations":[{"start":{"line":147,"column":4},"end":{"line":147,"column":null}},{"start":{},"end":{}}],"line":147},"24":{"loc":{"start":{"line":159,"column":8},"end":{"line":159,"column":null}},"type":"if","locations":[{"start":{"line":159,"column":8},"end":{"line":159,"column":null}},{"start":{},"end":{}}],"line":159},"25":{"loc":{"start":{"line":160,"column":15},"end":{"line":160,"column":25}},"type":"binary-expr","locations":[{"start":{"line":160,"column":15},"end":{"line":160,"column":23}},{"start":{"line":160,"column":23},"end":{"line":160,"column":25}}],"line":160},"26":{"loc":{"start":{"line":179,"column":8},"end":{"line":179,"column":null}},"type":"if","locations":[{"start":{"line":179,"column":8},"end":{"line":179,"column":null}},{"start":{},"end":{}}],"line":179},"27":{"loc":{"start":{"line":180,"column":15},"end":{"line":180,"column":25}},"type":"binary-expr","locations":[{"start":{"line":180,"column":15},"end":{"line":180,"column":23}},{"start":{"line":180,"column":23},"end":{"line":180,"column":25}}],"line":180},"28":{"loc":{"start":{"line":198,"column":8},"end":{"line":198,"column":null}},"type":"if","locations":[{"start":{"line":198,"column":8},"end":{"line":198,"column":null}},{"start":{},"end":{}}],"line":198},"29":{"loc":{"start":{"line":199,"column":15},"end":{"line":199,"column":25}},"type":"binary-expr","locations":[{"start":{"line":199,"column":15},"end":{"line":199,"column":23}},{"start":{"line":199,"column":23},"end":{"line":199,"column":25}}],"line":199},"30":{"loc":{"start":{"line":217,"column":8},"end":{"line":217,"column":null}},"type":"if","locations":[{"start":{"line":217,"column":8},"end":{"line":217,"column":null}},{"start":{},"end":{}}],"line":217},"31":{"loc":{"start":{"line":218,"column":15},"end":{"line":218,"column":25}},"type":"binary-expr","locations":[{"start":{"line":218,"column":15},"end":{"line":218,"column":23}},{"start":{"line":218,"column":23},"end":{"line":218,"column":25}}],"line":218},"32":{"loc":{"start":{"line":226,"column":4},"end":{"line":234,"column":null}},"type":"if","locations":[{"start":{"line":226,"column":4},"end":{"line":234,"column":null}},{"start":{"line":228,"column":11},"end":{"line":234,"column":null}}],"line":226},"33":{"loc":{"start":{"line":228,"column":11},"end":{"line":234,"column":null}},"type":"if","locations":[{"start":{"line":228,"column":11},"end":{"line":234,"column":null}},{"start":{"line":230,"column":11},"end":{"line":234,"column":null}}],"line":228},"34":{"loc":{"start":{"line":228,"column":15},"end":{"line":228,"column":72}},"type":"binary-expr","locations":[{"start":{"line":228,"column":15},"end":{"line":228,"column":40}},{"start":{"line":228,"column":40},"end":{"line":228,"column":72}}],"line":228},"35":{"loc":{"start":{"line":230,"column":11},"end":{"line":234,"column":null}},"type":"if","locations":[{"start":{"line":230,"column":11},"end":{"line":234,"column":null}},{"start":{"line":232,"column":11},"end":{"line":234,"column":null}}],"line":230},"36":{"loc":{"start":{"line":232,"column":11},"end":{"line":234,"column":null}},"type":"if","locations":[{"start":{"line":232,"column":11},"end":{"line":234,"column":null}},{"start":{},"end":{}}],"line":232},"37":{"loc":{"start":{"line":232,"column":15},"end":{"line":232,"column":76}},"type":"binary-expr","locations":[{"start":{"line":232,"column":15},"end":{"line":232,"column":42}},{"start":{"line":232,"column":42},"end":{"line":232,"column":76}}],"line":232}},"s":{"0":1,"1":1,"2":8,"3":8,"4":0,"5":0,"6":0,"7":0,"8":0,"9":0,"10":0,"11":0,"12":0,"13":8,"14":0,"15":0,"16":0,"17":0,"18":0,"19":0,"20":0,"21":0,"22":0,"23":0,"24":0,"25":0,"26":0,"27":0,"28":0,"29":0,"30":0,"31":0,"32":0,"33":8,"34":0,"35":0,"36":0,"37":0,"38":0,"39":0,"40":8,"41":0,"42":0,"43":0,"44":0,"45":0,"46":0,"47":0,"48":0,"49":0,"50":0,"51":0,"52":0,"53":0,"54":0,"55":0,"56":0,"57":0,"58":0,"59":0,"60":0,"61":0,"62":0,"63":0,"64":8,"65":0,"66":0,"67":0,"68":0,"69":0,"70":0,"71":0,"72":0,"73":8,"74":0,"75":0,"76":0,"77":0,"78":0,"79":8,"80":0,"81":8,"82":0,"83":8,"84":1,"85":0,"86":0,"87":0},"f":{"0":8,"1":0,"2":0,"3":0,"4":0,"5":0,"6":0,"7":0,"8":0,"9":0,"10":0,"11":0,"12":0,"13":0,"14":0,"15":0,"16":0,"17":0,"18":0,"19":0,"20":0,"21":0,"22":0,"23":0},"b":{"0":[0,0],"1":[0,0],"2":[0,0],"3":[0,0],"4":[0],"5":[0,0],"6":[0,0],"7":[0,0],"8":[0,0],"9":[0,0],"10":[0,0],"11":[0,0],"12":[0],"13":[0,0],"14":[0,0],"15":[0,0],"16":[0,0],"17":[0,0],"18":[0,0],"19":[0,0],"20":[0,0],"21":[0,0],"22":[0,0],"23":[0,0],"24":[0,0],"25":[0,0],"26":[0,0],"27":[0,0],"28":[0,0],"29":[0,0],"30":[0,0],"31":[0,0],"32":[0,0],"33":[0,0],"34":[0,0],"35":[0,0],"36":[0,0],"37":[0,0]},"meta":{"lastBranch":38,"lastFunction":24,"lastStatement":88,"seen":{"s:10:23:10:Infinity":0,"s:14:27:266:Infinity":1,"f:14:27:14:Infinity":0,"s:15:8:15:Infinity":2,"s:18:8:51:Infinity":3,"f:18:44:18:Infinity":1,"b:19:4:19:Infinity:undefined:undefined:undefined:undefined":0,"s:19:4:19:Infinity":4,"s:19:41:19:Infinity":5,"s:20:4:20:Infinity":6,"s:23:4:35:Infinity":7,"f:25:15:25:Infinity":2,"s:26:25:31:Infinity":8,"s:32:8:32:Infinity":9,"b:32:15:32:23:32:23:32:25":1,"s:38:4:50:Infinity":10,"f:40:15:40:Infinity":3,"s:41:25:46:Infinity":11,"s:47:8:47:Infinity":12,"b:47:15:47:23:47:23:47:25":2,"s:54:8:123:Infinity":13,"f:54:40:54:Infinity":4,"b:55:4:55:Infinity:undefined:undefined:undefined:undefined":3,"s:55:4:55:Infinity":14,"s:55:37:55:Infinity":15,"s:56:4:56:Infinity":16,"s:58:28:58:Infinity":17,"s:61:4:86:Infinity":18,"f:63:15:63:22":5,"b:63:36:63:37":4,"s:64:32:68:Infinity":19,"b:70:8:70:Infinity:undefined:undefined:undefined:undefined":5,"s:70:8:70:Infinity":20,"s:70:19:70:Infinity":21,"s:72:22:77:Infinity":22,"b:72:23:72:31:72:31:72:32":6,"f:72:39:72:48":6,"s:72:48:77:Infinity":23,"b:74:22:74:37:74:41:74:Infinity":7,"b:75:23:75:39:75:43:75:Infinity":8,"b:76:23:76:39:76:43:76:Infinity":9,"s:79:8:82:Infinity":24,"b:81:62:81:78:81:78:81:Infinity":10,"b:81:20:81:28:81:28:81:62":11,"s:89:4:122:Infinity":25,"f:91:15:91:22":7,"b:91:36:91:37":12,"s:92:32:97:Infinity":26,"b:99:8:99:Infinity:undefined:undefined:undefined:undefined":13,"s:99:8:99:Infinity":27,"s:99:19:99:Infinity":28,"s:101:22:112:Infinity":29,"b:101:23:101:31:101:31:101:32":14,"f:101:43:101:44":8,"s:102:10:112:Infinity":30,"b:102:11:102:25:102:29:102:30":15,"f:102:37:102:38":9,"s:102:66:112:Infinity":31,"b:107:27:107:56:107:60:107:Infinity":16,"b:110:25:110:44:110:48:110:Infinity":17,"b:111:25:111:44:111:48:111:Infinity":18,"s:115:8:118:Infinity":32,"b:117:62:117:78:117:78:117:Infinity":19,"b:117:20:117:28:117:28:117:62":20,"s:126:8:143:Infinity":33,"f:126:46:126:Infinity":10,"b:127:4:127:Infinity:undefined:undefined:undefined:undefined":21,"s:127:4:127:Infinity":34,"s:127:43:127:Infinity":35,"s:128:4:128:Infinity":36,"s:130:4:142:Infinity":37,"f:132:15:132:Infinity":11,"s:133:25:138:Infinity":38,"s:139:8:139:Infinity":39,"b:139:15:139:23:139:23:139:25":22,"s:146:8:222:Infinity":40,"f:146:52:146:Infinity":12,"b:147:4:147:Infinity:undefined:undefined:undefined:undefined":23,"s:147:4:147:Infinity":41,"s:147:50:147:Infinity":42,"s:148:4:148:Infinity":43,"s:151:4:163:Infinity":44,"f:153:15:153:Infinity":13,"s:154:32:158:Infinity":45,"b:159:8:159:Infinity:undefined:undefined:undefined:undefined":24,"s:159:8:159:Infinity":46,"s:159:19:159:Infinity":47,"s:160:8:160:Infinity":48,"b:160:15:160:23:160:23:160:25":25,"s:166:4:183:Infinity":49,"f:168:15:168:Infinity":14,"s:169:32:178:Infinity":50,"b:179:8:179:Infinity:undefined:undefined:undefined:undefined":26,"s:179:8:179:Infinity":51,"s:179:19:179:Infinity":52,"s:180:8:180:Infinity":53,"b:180:15:180:23:180:23:180:25":27,"s:186:4:202:Infinity":54,"f:188:15:188:Infinity":15,"s:189:32:197:Infinity":55,"b:198:8:198:Infinity:undefined:undefined:undefined:undefined":28,"s:198:8:198:Infinity":56,"s:198:19:198:Infinity":57,"s:199:8:199:Infinity":58,"b:199:15:199:23:199:23:199:25":29,"s:205:4:221:Infinity":59,"f:207:15:207:Infinity":16,"s:208:32:216:Infinity":60,"b:217:8:217:Infinity:undefined:undefined:undefined:undefined":30,"s:217:8:217:Infinity":61,"s:217:19:217:Infinity":62,"s:218:8:218:Infinity":63,"b:218:15:218:23:218:23:218:25":31,"s:224:8:235:Infinity":64,"f:224:36:224:37":17,"b:226:4:234:Infinity:228:11:234:Infinity":32,"s:226:4:234:Infinity":65,"s:227:6:227:Infinity":66,"b:228:11:234:Infinity:230:11:234:Infinity":33,"s:228:11:234:Infinity":67,"b:228:15:228:40:228:40:228:72":34,"s:229:6:229:Infinity":68,"b:230:11:234:Infinity:232:11:234:Infinity":35,"s:230:11:234:Infinity":69,"s:231:6:231:Infinity":70,"b:232:11:234:Infinity:undefined:undefined:undefined:undefined":36,"s:232:11:234:Infinity":71,"b:232:15:232:42:232:42:232:76":37,"s:233:6:233:Infinity":72,"s:238:8:246:Infinity":73,"f:238:41:238:Infinity":18,"s:240:4:245:Infinity":74,"f:240:15:240:Infinity":19,"s:241:6:241:Infinity":75,"s:242:6:242:Infinity":76,"s:243:6:243:Infinity":77,"s:244:6:244:Infinity":78,"s:248:8:250:Infinity":79,"f:248:39:248:40":20,"s:249:4:249:Infinity":80,"s:252:8:254:Infinity":81,"f:252:39:252:40":21,"s:253:4:253:Infinity":82,"s:256:2:265:Infinity":83,"s:269:31:275:Infinity":84,"f:269:31:269:Infinity":22,"s:270:33:270:Infinity":85,"s:272:2:274:Infinity":86,"f:272:12:272:Infinity":23,"s:273:4:273:Infinity":87}}}
,"/app/src/hooks/useSubscription.tsx": {"path":"/app/src/hooks/useSubscription.tsx","statementMap":{"0":{"start":{"line":28,"column":31},"end":{"line":207,"column":null}},"1":{"start":{"line":29,"column":14},"end":{"line":29,"column":null}},"2":{"start":{"line":30,"column":23},"end":{"line":30,"column":null}},"3":{"start":{"line":31,"column":16},"end":{"line":31,"column":null}},"4":{"start":{"line":32,"column":18},"end":{"line":32,"column":null}},"5":{"start":{"line":33,"column":23},"end":{"line":33,"column":null}},"6":{"start":{"line":35,"column":2},"end":{"line":42,"column":null}},"7":{"start":{"line":36,"column":4},"end":{"line":41,"column":null}},"8":{"start":{"line":37,"column":6},"end":{"line":37,"column":null}},"9":{"start":{"line":38,"column":6},"end":{"line":38,"column":null}},"10":{"start":{"line":40,"column":6},"end":{"line":40,"column":null}},"11":{"start":{"line":44,"column":27},"end":{"line":53,"column":null}},"12":{"start":{"line":45,"column":4},"end":{"line":52,"column":null}},"13":{"start":{"line":46,"column":30},"end":{"line":46,"column":null}},"14":{"start":{"line":47,"column":6},"end":{"line":49,"column":null}},"15":{"start":{"line":48,"column":8},"end":{"line":48,"column":null}},"16":{"start":{"line":51,"column":6},"end":{"line":51,"column":null}},"17":{"start":{"line":55,"column":32},"end":{"line":106,"column":null}},"18":{"start":{"line":56,"column":4},"end":{"line":105,"column":null}},"19":{"start":{"line":57,"column":6},"end":{"line":57,"column":null}},"20":{"start":{"line":60,"column":53},"end":{"line":64,"column":null}},"21":{"start":{"line":66,"column":6},"end":{"line":66,"column":null}},"22":{"start":{"line":66,"column":22},"end":{"line":66,"column":null}},"23":{"start":{"line":69,"column":12},"end":{"line":72,"column":null}},"24":{"start":{"line":69,"column":57},"end":{"line":72,"column":null}},"25":{"start":{"line":74,"column":6},"end":{"line":74,"column":null}},"26":{"start":{"line":77,"column":49},"end":{"line":85,"column":null}},"27":{"start":{"line":87,"column":6},"end":{"line":87,"column":null}},"28":{"start":{"line":87,"column":52},"end":{"line":87,"column":null}},"29":{"start":{"line":89,"column":6},"end":{"line":97,"column":null}},"30":{"start":{"line":90,"column":8},"end":{"line":93,"column":null}},"31":{"start":{"line":94,"column":6},"end":{"line":97,"column":null}},"32":{"start":{"line":96,"column":8},"end":{"line":96,"column":null}},"33":{"start":{"line":99,"column":6},"end":{"line":101,"column":null}},"34":{"start":{"line":100,"column":8},"end":{"line":100,"column":null}},"35":{"start":{"line":102,"column":6},"end":{"line":102,"column":null}},"36":{"start":{"line":104,"column":6},"end":{"line":104,"column":null}},"37":{"start":{"line":108,"column":28},"end":{"line":152,"column":null}},"38":{"start":{"line":109,"column":4},"end":{"line":151,"column":null}},"39":{"start":{"line":111,"column":51},"end":{"line":115,"column":null}},"40":{"start":{"line":117,"column":6},"end":{"line":120,"column":null}},"41":{"start":{"line":118,"column":8},"end":{"line":118,"column":null}},"42":{"start":{"line":119,"column":8},"end":{"line":119,"column":null}},"43":{"start":{"line":121,"column":26},"end":{"line":121,"column":null}},"44":{"start":{"line":123,"column":30},"end":{"line":134,"column":null}},"45":{"start":{"line":136,"column":6},"end":{"line":143,"column":null}},"46":{"start":{"line":138,"column":8},"end":{"line":141,"column":null}},"47":{"start":{"line":139,"column":10},"end":{"line":139,"column":null}},"48":{"start":{"line":140,"column":10},"end":{"line":140,"column":null}},"49":{"start":{"line":142,"column":8},"end":{"line":142,"column":null}},"50":{"start":{"line":145,"column":6},"end":{"line":148,"column":null}},"51":{"start":{"line":150,"column":6},"end":{"line":150,"column":null}},"52":{"start":{"line":154,"column":21},"end":{"line":197,"column":null}},"53":{"start":{"line":155,"column":4},"end":{"line":158,"column":null}},"54":{"start":{"line":156,"column":6},"end":{"line":156,"column":null}},"55":{"start":{"line":157,"column":6},"end":{"line":157,"column":null}},"56":{"start":{"line":160,"column":4},"end":{"line":196,"column":null}},"57":{"start":{"line":161,"column":22},"end":{"line":161,"column":null}},"58":{"start":{"line":161,"column":38},"end":{"line":161,"column":null}},"59":{"start":{"line":162,"column":6},"end":{"line":165,"column":null}},"60":{"start":{"line":163,"column":8},"end":{"line":163,"column":null}},"61":{"start":{"line":164,"column":8},"end":{"line":164,"column":null}},"62":{"start":{"line":168,"column":6},"end":{"line":172,"column":null}},"63":{"start":{"line":169,"column":8},"end":{"line":169,"column":null}},"64":{"start":{"line":171,"column":8},"end":{"line":171,"column":null}},"65":{"start":{"line":174,"column":24},"end":{"line":183,"column":null}},"66":{"start":{"line":185,"column":6},"end":{"line":185,"column":null}},"67":{"start":{"line":185,"column":17},"end":{"line":185,"column":null}},"68":{"start":{"line":187,"column":6},"end":{"line":187,"column":null}},"69":{"start":{"line":188,"column":6},"end":{"line":188,"column":null}},"70":{"start":{"line":189,"column":6},"end":{"line":189,"column":null}},"71":{"start":{"line":191,"column":6},"end":{"line":193,"column":null}},"72":{"start":{"line":192,"column":8},"end":{"line":192,"column":null}},"73":{"start":{"line":194,"column":6},"end":{"line":194,"column":null}},"74":{"start":{"line":195,"column":6},"end":{"line":195,"column":null}},"75":{"start":{"line":199,"column":2},"end":{"line":206,"column":null}}},"fnMap":{"0":{"name":"(anonymous_0)","decl":{"start":{"line":28,"column":31},"end":{"line":28,"column":null}},"loc":{"start":{"line":28,"column":31},"end":{"line":207,"column":null}},"line":28},"1":{"name":"(anonymous_1)","decl":{"start":{"line":35,"column":12},"end":{"line":35,"column":null}},"loc":{"start":{"line":35,"column":12},"end":{"line":42,"column":5}},"line":35},"2":{"name":"(anonymous_2)","decl":{"start":{"line":44,"column":27},"end":{"line":44,"column":null}},"loc":{"start":{"line":44,"column":27},"end":{"line":53,"column":null}},"line":44},"3":{"name":"(anonymous_3)","decl":{"start":{"line":55,"column":32},"end":{"line":55,"column":null}},"loc":{"start":{"line":55,"column":32},"end":{"line":106,"column":null}},"line":55},"4":{"name":"(anonymous_4)","decl":{"start":{"line":69,"column":48},"end":{"line":69,"column":57}},"loc":{"start":{"line":69,"column":57},"end":{"line":72,"column":null}},"line":69},"5":{"name":"(anonymous_5)","decl":{"start":{"line":108,"column":28},"end":{"line":108,"column":35}},"loc":{"start":{"line":108,"column":35},"end":{"line":152,"column":null}},"line":108},"6":{"name":"(anonymous_6)","decl":{"start":{"line":154,"column":21},"end":{"line":154,"column":28}},"loc":{"start":{"line":154,"column":28},"end":{"line":197,"column":null}},"line":154},"7":{"name":"(anonymous_7)","decl":{"start":{"line":161,"column":33},"end":{"line":161,"column":38}},"loc":{"start":{"line":161,"column":38},"end":{"line":161,"column":null}},"line":161}},"branchMap":{"0":{"loc":{"start":{"line":36,"column":4},"end":{"line":41,"column":null}},"type":"if","locations":[{"start":{"line":36,"column":4},"end":{"line":41,"column":null}},{"start":{"line":39,"column":11},"end":{"line":41,"column":null}}],"line":36},"1":{"loc":{"start":{"line":47,"column":6},"end":{"line":49,"column":null}},"type":"if","locations":[{"start":{"line":47,"column":6},"end":{"line":49,"column":null}},{"start":{},"end":{}}],"line":47},"2":{"loc":{"start":{"line":48,"column":24},"end":{"line":48,"column":null}},"type":"binary-expr","locations":[{"start":{"line":48,"column":24},"end":{"line":48,"column":32}},{"start":{"line":48,"column":32},"end":{"line":48,"column":null}}],"line":48},"3":{"loc":{"start":{"line":66,"column":6},"end":{"line":66,"column":null}},"type":"if","locations":[{"start":{"line":66,"column":6},"end":{"line":66,"column":null}},{"start":{},"end":{}}],"line":66},"4":{"loc":{"start":{"line":69,"column":27},"end":{"line":69,"column":44}},"type":"binary-expr","locations":[{"start":{"line":69,"column":27},"end":{"line":69,"column":40}},{"start":{"line":69,"column":40},"end":{"line":69,"column":44}}],"line":69},"5":{"loc":{"start":{"line":71,"column":18},"end":{"line":71,"column":null}},"type":"cond-expr","locations":[{"start":{"line":71,"column":49},"end":{"line":71,"column":65}},{"start":{"line":71,"column":65},"end":{"line":71,"column":null}}],"line":71},"6":{"loc":{"start":{"line":87,"column":6},"end":{"line":87,"column":null}},"type":"if","locations":[{"start":{"line":87,"column":6},"end":{"line":87,"column":null}},{"start":{},"end":{}}],"line":87},"7":{"loc":{"start":{"line":87,"column":10},"end":{"line":87,"column":52}},"type":"binary-expr","locations":[{"start":{"line":87,"column":10},"end":{"line":87,"column":22}},{"start":{"line":87,"column":22},"end":{"line":87,"column":52}}],"line":87},"8":{"loc":{"start":{"line":89,"column":6},"end":{"line":97,"column":null}},"type":"if","locations":[{"start":{"line":89,"column":6},"end":{"line":97,"column":null}},{"start":{"line":94,"column":6},"end":{"line":97,"column":null}}],"line":89},"9":{"loc":{"start":{"line":94,"column":6},"end":{"line":97,"column":null}},"type":"if","locations":[{"start":{"line":94,"column":6},"end":{"line":97,"column":null}},{"start":{},"end":{}}],"line":94},"10":{"loc":{"start":{"line":99,"column":6},"end":{"line":101,"column":null}},"type":"if","locations":[{"start":{"line":99,"column":6},"end":{"line":101,"column":null}},{"start":{},"end":{}}],"line":99},"11":{"loc":{"start":{"line":117,"column":6},"end":{"line":120,"column":null}},"type":"if","locations":[{"start":{"line":117,"column":6},"end":{"line":120,"column":null}},{"start":{},"end":{}}],"line":117},"12":{"loc":{"start":{"line":117,"column":10},"end":{"line":117,"column":34}},"type":"binary-expr","locations":[{"start":{"line":117,"column":10},"end":{"line":117,"column":23}},{"start":{"line":117,"column":23},"end":{"line":117,"column":34}}],"line":117},"13":{"loc":{"start":{"line":136,"column":6},"end":{"line":143,"column":null}},"type":"if","locations":[{"start":{"line":136,"column":6},"end":{"line":143,"column":null}},{"start":{},"end":{}}],"line":136},"14":{"loc":{"start":{"line":138,"column":8},"end":{"line":141,"column":null}},"type":"if","locations":[{"start":{"line":138,"column":8},"end":{"line":141,"column":null}},{"start":{},"end":{}}],"line":138},"15":{"loc":{"start":{"line":155,"column":4},"end":{"line":158,"column":null}},"type":"if","locations":[{"start":{"line":155,"column":4},"end":{"line":158,"column":null}},{"start":{},"end":{}}],"line":155},"16":{"loc":{"start":{"line":162,"column":6},"end":{"line":165,"column":null}},"type":"if","locations":[{"start":{"line":162,"column":6},"end":{"line":165,"column":null}},{"start":{},"end":{}}],"line":162},"17":{"loc":{"start":{"line":168,"column":6},"end":{"line":172,"column":null}},"type":"if","locations":[{"start":{"line":168,"column":6},"end":{"line":172,"column":null}},{"start":{},"end":{}}],"line":168},"18":{"loc":{"start":{"line":168,"column":10},"end":{"line":168,"column":46}},"type":"binary-expr","locations":[{"start":{"line":168,"column":10},"end":{"line":168,"column":27}},{"start":{"line":168,"column":27},"end":{"line":168,"column":46}}],"line":168},"19":{"loc":{"start":{"line":185,"column":6},"end":{"line":185,"column":null}},"type":"if","locations":[{"start":{"line":185,"column":6},"end":{"line":185,"column":null}},{"start":{},"end":{}}],"line":185},"20":{"loc":{"start":{"line":191,"column":6},"end":{"line":193,"column":null}},"type":"if","locations":[{"start":{"line":191,"column":6},"end":{"line":193,"column":null}},{"start":{},"end":{}}],"line":191}},"s":{"0":3,"1":31,"2":31,"3":31,"4":31,"5":31,"6":31,"7":12,"8":0,"9":0,"10":12,"11":31,"12":0,"13":0,"14":0,"15":0,"16":0,"17":31,"18":0,"19":0,"20":0,"21":0,"22":0,"23":0,"24":0,"25":0,"26":0,"27":0,"28":0,"29":0,"30":0,"31":0,"32":0,"33":0,"34":0,"35":0,"36":0,"37":31,"38":0,"39":0,"40":0,"41":0,"42":0,"43":0,"44":0,"45":0,"46":0,"47":0,"48":0,"49":0,"50":0,"51":0,"52":31,"53":0,"54":0,"55":0,"56":0,"57":0,"58":0,"59":0,"60":0,"61":0,"62":0,"63":0,"64":0,"65":0,"66":0,"67":0,"68":0,"69":0,"70":0,"71":0,"72":0,"73":0,"74":0,"75":31},"f":{"0":31,"1":12,"2":0,"3":0,"4":0,"5":0,"6":0,"7":0},"b":{"0":[0,12],"1":[0,0],"2":[0,0],"3":[0,0],"4":[0,0],"5":[0,0],"6":[0,0],"7":[0,0],"8":[0,0],"9":[0,0],"10":[0,0],"11":[0,0],"12":[0,0],"13":[0,0],"14":[0,0],"15":[0,0],"16":[0,0],"17":[0,0],"18":[0,0],"19":[0,0],"20":[0,0]},"meta":{"lastBranch":21,"lastFunction":8,"lastStatement":76,"seen":{"s:28:31:207:Infinity":0,"f:28:31:28:Infinity":0,"s:29:14:29:Infinity":1,"s:30:23:30:Infinity":2,"s:31:16:31:Infinity":3,"s:32:18:32:Infinity":4,"s:33:23:33:Infinity":5,"s:35:2:42:Infinity":6,"f:35:12:35:Infinity":1,"b:36:4:41:Infinity:39:11:41:Infinity":0,"s:36:4:41:Infinity":7,"s:37:6:37:Infinity":8,"s:38:6:38:Infinity":9,"s:40:6:40:Infinity":10,"s:44:27:53:Infinity":11,"f:44:27:44:Infinity":2,"s:45:4:52:Infinity":12,"s:46:30:46:Infinity":13,"b:47:6:49:Infinity:undefined:undefined:undefined:undefined":1,"s:47:6:49:Infinity":14,"s:48:8:48:Infinity":15,"b:48:24:48:32:48:32:48:Infinity":2,"s:51:6:51:Infinity":16,"s:55:32:106:Infinity":17,"f:55:32:55:Infinity":3,"s:56:4:105:Infinity":18,"s:57:6:57:Infinity":19,"s:60:53:64:Infinity":20,"b:66:6:66:Infinity:undefined:undefined:undefined:undefined":3,"s:66:6:66:Infinity":21,"s:66:22:66:Infinity":22,"s:69:12:72:Infinity":23,"b:69:27:69:40:69:40:69:44":4,"f:69:48:69:57":4,"s:69:57:72:Infinity":24,"b:71:49:71:65:71:65:71:Infinity":5,"s:74:6:74:Infinity":25,"s:77:49:85:Infinity":26,"b:87:6:87:Infinity:undefined:undefined:undefined:undefined":6,"s:87:6:87:Infinity":27,"b:87:10:87:22:87:22:87:52":7,"s:87:52:87:Infinity":28,"b:89:6:97:Infinity:94:6:97:Infinity":8,"s:89:6:97:Infinity":29,"s:90:8:93:Infinity":30,"b:94:6:97:Infinity:undefined:undefined:undefined:undefined":9,"s:94:6:97:Infinity":31,"s:96:8:96:Infinity":32,"b:99:6:101:Infinity:undefined:undefined:undefined:undefined":10,"s:99:6:101:Infinity":33,"s:100:8:100:Infinity":34,"s:102:6:102:Infinity":35,"s:104:6:104:Infinity":36,"s:108:28:152:Infinity":37,"f:108:28:108:35":5,"s:109:4:151:Infinity":38,"s:111:51:115:Infinity":39,"b:117:6:120:Infinity:undefined:undefined:undefined:undefined":11,"s:117:6:120:Infinity":40,"b:117:10:117:23:117:23:117:34":12,"s:118:8:118:Infinity":41,"s:119:8:119:Infinity":42,"s:121:26:121:Infinity":43,"s:123:30:134:Infinity":44,"b:136:6:143:Infinity:undefined:undefined:undefined:undefined":13,"s:136:6:143:Infinity":45,"b:138:8:141:Infinity:undefined:undefined:undefined:undefined":14,"s:138:8:141:Infinity":46,"s:139:10:139:Infinity":47,"s:140:10:140:Infinity":48,"s:142:8:142:Infinity":49,"s:145:6:148:Infinity":50,"s:150:6:150:Infinity":51,"s:154:21:197:Infinity":52,"f:154:21:154:28":6,"b:155:4:158:Infinity:undefined:undefined:undefined:undefined":15,"s:155:4:158:Infinity":53,"s:156:6:156:Infinity":54,"s:157:6:157:Infinity":55,"s:160:4:196:Infinity":56,"s:161:22:161:Infinity":57,"f:161:33:161:38":7,"s:161:38:161:Infinity":58,"b:162:6:165:Infinity:undefined:undefined:undefined:undefined":16,"s:162:6:165:Infinity":59,"s:163:8:163:Infinity":60,"s:164:8:164:Infinity":61,"b:168:6:172:Infinity:undefined:undefined:undefined:undefined":17,"s:168:6:172:Infinity":62,"b:168:10:168:27:168:27:168:46":18,"s:169:8:169:Infinity":63,"s:171:8:171:Infinity":64,"s:174:24:183:Infinity":65,"b:185:6:185:Infinity:undefined:undefined:undefined:undefined":19,"s:185:6:185:Infinity":66,"s:185:17:185:Infinity":67,"s:187:6:187:Infinity":68,"s:188:6:188:Infinity":69,"s:189:6:189:Infinity":70,"b:191:6:193:Infinity:undefined:undefined:undefined:undefined":20,"s:191:6:193:Infinity":71,"s:192:8:192:Infinity":72,"s:194:6:194:Infinity":73,"s:195:6:195:Infinity":74,"s:199:2:206:Infinity":75}}}
,"/app/src/hooks/useXP.tsx": {"path":"/app/src/hooks/useXP.tsx","statementMap":{"0":{"start":{"line":21,"column":21},"end":{"line":51,"column":null}},"1":{"start":{"line":22,"column":16},"end":{"line":22,"column":null}},"2":{"start":{"line":24,"column":2},"end":{"line":50,"column":null}},"3":{"start":{"line":29,"column":52},"end":{"line":41,"column":null}},"4":{"start":{"line":43,"column":6},"end":{"line":48,"column":null}}},"fnMap":{"0":{"name":"(anonymous_0)","decl":{"start":{"line":21,"column":21},"end":{"line":21,"column":null}},"loc":{"start":{"line":21,"column":21},"end":{"line":51,"column":null}},"line":21},"1":{"name":"(anonymous_1)","decl":{"start":{"line":28,"column":13},"end":{"line":28,"column":null}},"loc":{"start":{"line":28,"column":13},"end":{"line":49,"column":null}},"line":28}},"branchMap":{"0":{"loc":{"start":{"line":44,"column":15},"end":{"line":44,"column":null}},"type":"binary-expr","locations":[{"start":{"line":44,"column":15},"end":{"line":44,"column":45}},{"start":{"line":44,"column":45},"end":{"line":44,"column":null}}],"line":44},"1":{"loc":{"start":{"line":45,"column":14},"end":{"line":45,"column":null}},"type":"binary-expr","locations":[{"start":{"line":45,"column":14},"end":{"line":45,"column":43}},{"start":{"line":45,"column":43},"end":{"line":45,"column":null}}],"line":45},"2":{"loc":{"start":{"line":46,"column":15},"end":{"line":46,"column":null}},"type":"binary-expr","locations":[{"start":{"line":46,"column":15},"end":{"line":46,"column":47}},{"start":{"line":46,"column":47},"end":{"line":46,"column":null}}],"line":46},"3":{"loc":{"start":{"line":47,"column":16},"end":{"line":47,"column":null}},"type":"binary-expr","locations":[{"start":{"line":47,"column":16},"end":{"line":47,"column":17}},{"start":{"line":47,"column":35},"end":{"line":47,"column":null}}],"line":47}},"s":{"0":1,"1":0,"2":0,"3":0,"4":0},"f":{"0":0,"1":0},"b":{"0":[0,0],"1":[0,0],"2":[0,0],"3":[0,0]},"meta":{"lastBranch":4,"lastFunction":2,"lastStatement":5,"seen":{"s:21:21:51:Infinity":0,"f:21:21:21:Infinity":0,"s:22:16:22:Infinity":1,"s:24:2:50:Infinity":2,"f:28:13:28:Infinity":1,"s:29:52:41:Infinity":3,"s:43:6:48:Infinity":4,"b:44:15:44:45:44:45:44:Infinity":0,"b:45:14:45:43:45:43:45:Infinity":1,"b:46:15:46:47:46:47:46:Infinity":2,"b:47:16:47:17:47:35:47:Infinity":3}}}
,"/app/src/integrations/supabase/client.ts": {"path":"/app/src/integrations/supabase/client.ts","statementMap":{"0":{"start":{"line":5,"column":21},"end":{"line":5,"column":54}},"1":{"start":{"line":6,"column":33},"end":{"line":6,"column":71}},"2":{"start":{"line":9,"column":0},"end":{"line":15,"column":null}},"3":{"start":{"line":10,"column":2},"end":{"line":10,"column":null}},"4":{"start":{"line":11,"column":2},"end":{"line":11,"column":null}},"5":{"start":{"line":12,"column":2},"end":{"line":12,"column":null}},"6":{"start":{"line":13,"column":2},"end":{"line":13,"column":null}},"7":{"start":{"line":14,"column":2},"end":{"line":14,"column":null}},"8":{"start":{"line":20,"column":13},"end":{"line":26,"column":null}}},"fnMap":{},"branchMap":{"0":{"loc":{"start":{"line":9,"column":0},"end":{"line":15,"column":null}},"type":"if","locations":[{"start":{"line":9,"column":0},"end":{"line":15,"column":null}},{"start":{},"end":{}}],"line":9},"1":{"loc":{"start":{"line":9,"column":4},"end":{"line":9,"column":48}},"type":"binary-expr","locations":[{"start":{"line":9,"column":4},"end":{"line":9,"column":21}},{"start":{"line":9,"column":21},"end":{"line":9,"column":48}}],"line":9}},"s":{"0":3,"1":3,"2":3,"3":0,"4":0,"5":0,"6":0,"7":0,"8":3},"f":{},"b":{"0":[0,3],"1":[3,3]},"meta":{"lastBranch":2,"lastFunction":0,"lastStatement":9,"seen":{"s:5:21:5:54":0,"s:6:33:6:71":1,"b:9:0:15:Infinity:undefined:undefined:undefined:undefined":0,"s:9:0:15:Infinity":2,"b:9:4:9:21:9:21:9:48":1,"s:10:2:10:Infinity":3,"s:11:2:11:Infinity":4,"s:12:2:12:Infinity":5,"s:13:2:13:Infinity":6,"s:14:2:14:Infinity":7,"s:20:13:26:Infinity":8}}}
,"/app/src/lib/errorHandler.ts": {"path":"/app/src/lib/errorHandler.ts","statementMap":{"0":{"start":{"line":10,"column":4},"end":{"line":8,"column":30}},"1":{"start":{"line":11,"column":4},"end":{"line":11,"column":null}},"2":{"start":{"line":15,"column":27},"end":{"line":34,"column":null}},"3":{"start":{"line":16,"column":2},"end":{"line":16,"column":null}},"4":{"start":{"line":19,"column":2},"end":{"line":21,"column":null}},"5":{"start":{"line":20,"column":4},"end":{"line":20,"column":null}},"6":{"start":{"line":23,"column":2},"end":{"line":26,"column":null}},"7":{"start":{"line":24,"column":4},"end":{"line":24,"column":null}},"8":{"start":{"line":25,"column":4},"end":{"line":25,"column":null}},"9":{"start":{"line":28,"column":2},"end":{"line":31,"column":null}},"10":{"start":{"line":29,"column":4},"end":{"line":29,"column":null}},"11":{"start":{"line":30,"column":4},"end":{"line":30,"column":null}},"12":{"start":{"line":33,"column":2},"end":{"line":33,"column":null}},"13":{"start":{"line":36,"column":31},"end":{"line":52,"column":null}},"14":{"start":{"line":37,"column":2},"end":{"line":37,"column":null}},"15":{"start":{"line":37,"column":14},"end":{"line":37,"column":null}},"16":{"start":{"line":39,"column":2},"end":{"line":41,"column":null}},"17":{"start":{"line":40,"column":4},"end":{"line":40,"column":null}},"18":{"start":{"line":43,"column":2},"end":{"line":45,"column":null}},"19":{"start":{"line":44,"column":4},"end":{"line":44,"column":null}},"20":{"start":{"line":47,"column":2},"end":{"line":49,"column":null}},"21":{"start":{"line":48,"column":4},"end":{"line":48,"column":null}},"22":{"start":{"line":51,"column":2},"end":{"line":51,"column":null}},"23":{"start":{"line":54,"column":34},"end":{"line":68,"column":null}},"24":{"start":{"line":55,"column":2},"end":{"line":57,"column":null}},"25":{"start":{"line":56,"column":4},"end":{"line":56,"column":null}},"26":{"start":{"line":59,"column":2},"end":{"line":61,"column":null}},"27":{"start":{"line":60,"column":4},"end":{"line":60,"column":null}},"28":{"start":{"line":63,"column":2},"end":{"line":65,"column":null}},"29":{"start":{"line":64,"column":4},"end":{"line":64,"column":null}},"30":{"start":{"line":67,"column":2},"end":{"line":67,"column":null}},"31":{"start":{"line":70,"column":33},"end":{"line":80,"column":null}},"32":{"start":{"line":74,"column":2},"end":{"line":79,"column":null}},"33":{"start":{"line":75,"column":4},"end":{"line":75,"column":null}},"34":{"start":{"line":77,"column":4},"end":{"line":77,"column":null}},"35":{"start":{"line":78,"column":4},"end":{"line":78,"column":null}}},"fnMap":{"0":{"name":"constructor","decl":{"start":{"line":5,"column":2},"end":{"line":5,"column":null}},"loc":{"start":{"line":9,"column":4},"end":{"line":12,"column":null}},"line":9},"1":{"name":"(anonymous_1)","decl":{"start":{"line":15,"column":27},"end":{"line":15,"column":28}},"loc":{"start":{"line":15,"column":44},"end":{"line":34,"column":null}},"line":15},"2":{"name":"(anonymous_2)","decl":{"start":{"line":36,"column":31},"end":{"line":36,"column":32}},"loc":{"start":{"line":36,"column":32},"end":{"line":52,"column":null}},"line":36},"3":{"name":"(anonymous_3)","decl":{"start":{"line":54,"column":34},"end":{"line":54,"column":35}},"loc":{"start":{"line":54,"column":35},"end":{"line":68,"column":null}},"line":54},"4":{"name":"(anonymous_4)","decl":{"start":{"line":70,"column":33},"end":{"line":70,"column":null}},"loc":{"start":{"line":72,"column":2},"end":{"line":80,"column":null}},"line":72}},"branchMap":{"0":{"loc":{"start":{"line":16,"column":28},"end":{"line":16,"column":53}},"type":"binary-expr","locations":[{"start":{"line":16,"column":28},"end":{"line":16,"column":39}},{"start":{"line":16,"column":39},"end":{"line":16,"column":53}}],"line":16},"1":{"loc":{"start":{"line":19,"column":2},"end":{"line":21,"column":null}},"type":"if","locations":[{"start":{"line":19,"column":2},"end":{"line":21,"column":null}},{"start":{},"end":{}}],"line":19},"2":{"loc":{"start":{"line":23,"column":2},"end":{"line":26,"column":null}},"type":"if","locations":[{"start":{"line":23,"column":2},"end":{"line":26,"column":null}},{"start":{},"end":{}}],"line":23},"3":{"loc":{"start":{"line":28,"column":2},"end":{"line":31,"column":null}},"type":"if","locations":[{"start":{"line":28,"column":2},"end":{"line":31,"column":null}},{"start":{},"end":{}}],"line":28},"4":{"loc":{"start":{"line":29,"column":16},"end":{"line":29,"column":null}},"type":"binary-expr","locations":[{"start":{"line":29,"column":16},"end":{"line":29,"column":29}},{"start":{"line":29,"column":33},"end":{"line":29,"column":null}}],"line":29},"5":{"loc":{"start":{"line":37,"column":2},"end":{"line":37,"column":null}},"type":"if","locations":[{"start":{"line":37,"column":2},"end":{"line":37,"column":null}},{"start":{},"end":{}}],"line":37},"6":{"loc":{"start":{"line":39,"column":2},"end":{"line":41,"column":null}},"type":"if","locations":[{"start":{"line":39,"column":2},"end":{"line":41,"column":null}},{"start":{},"end":{}}],"line":39},"7":{"loc":{"start":{"line":43,"column":2},"end":{"line":45,"column":null}},"type":"if","locations":[{"start":{"line":43,"column":2},"end":{"line":45,"column":null}},{"start":{},"end":{}}],"line":43},"8":{"loc":{"start":{"line":47,"column":2},"end":{"line":49,"column":null}},"type":"if","locations":[{"start":{"line":47,"column":2},"end":{"line":49,"column":null}},{"start":{},"end":{}}],"line":47},"9":{"loc":{"start":{"line":51,"column":9},"end":{"line":51,"column":null}},"type":"binary-expr","locations":[{"start":{"line":51,"column":9},"end":{"line":51,"column":22}},{"start":{"line":51,"column":26},"end":{"line":51,"column":null}}],"line":51},"10":{"loc":{"start":{"line":55,"column":2},"end":{"line":57,"column":null}},"type":"if","locations":[{"start":{"line":55,"column":2},"end":{"line":57,"column":null}},{"start":{},"end":{}}],"line":55},"11":{"loc":{"start":{"line":59,"column":2},"end":{"line":61,"column":null}},"type":"if","locations":[{"start":{"line":59,"column":2},"end":{"line":61,"column":null}},{"start":{},"end":{}}],"line":59},"12":{"loc":{"start":{"line":63,"column":2},"end":{"line":65,"column":null}},"type":"if","locations":[{"start":{"line":63,"column":2},"end":{"line":65,"column":null}},{"start":{},"end":{}}],"line":63}},"s":{"0":1,"1":1,"2":1,"3":0,"4":0,"5":0,"6":0,"7":0,"8":0,"9":0,"10":0,"11":0,"12":0,"13":1,"14":5,"15":1,"16":4,"17":1,"18":3,"19":1,"20":2,"21":1,"22":1,"23":1,"24":5,"25":1,"26":4,"27":1,"28":3,"29":2,"30":1,"31":1,"32":0,"33":0,"34":0,"35":0},"f":{"0":1,"1":0,"2":5,"3":5,"4":0},"b":{"0":[0,0],"1":[0,0],"2":[0,0],"3":[0,0],"4":[0,0],"5":[1,4],"6":[1,3],"7":[1,2],"8":[1,1],"9":[1,0],"10":[1,4],"11":[1,3],"12":[2,1]},"meta":{"lastBranch":13,"lastFunction":5,"lastStatement":36,"seen":{"f:5:2:5:Infinity":0,"s:10:4:8:30":0,"s:11:4:11:Infinity":1,"s:15:27:34:Infinity":2,"f:15:27:15:28":1,"s:16:2:16:Infinity":3,"b:16:28:16:39:16:39:16:53":0,"b:19:2:21:Infinity:undefined:undefined:undefined:undefined":1,"s:19:2:21:Infinity":4,"s:20:4:20:Infinity":5,"b:23:2:26:Infinity:undefined:undefined:undefined:undefined":2,"s:23:2:26:Infinity":6,"s:24:4:24:Infinity":7,"s:25:4:25:Infinity":8,"b:28:2:31:Infinity:undefined:undefined:undefined:undefined":3,"s:28:2:31:Infinity":9,"s:29:4:29:Infinity":10,"b:29:16:29:29:29:33:29:Infinity":4,"s:30:4:30:Infinity":11,"s:33:2:33:Infinity":12,"s:36:31:52:Infinity":13,"f:36:31:36:32":2,"b:37:2:37:Infinity:undefined:undefined:undefined:undefined":5,"s:37:2:37:Infinity":14,"s:37:14:37:Infinity":15,"b:39:2:41:Infinity:undefined:undefined:undefined:undefined":6,"s:39:2:41:Infinity":16,"s:40:4:40:Infinity":17,"b:43:2:45:Infinity:undefined:undefined:undefined:undefined":7,"s:43:2:45:Infinity":18,"s:44:4:44:Infinity":19,"b:47:2:49:Infinity:undefined:undefined:undefined:undefined":8,"s:47:2:49:Infinity":20,"s:48:4:48:Infinity":21,"s:51:2:51:Infinity":22,"b:51:9:51:22:51:26:51:Infinity":9,"s:54:34:68:Infinity":23,"f:54:34:54:35":3,"b:55:2:57:Infinity:undefined:undefined:undefined:undefined":10,"s:55:2:57:Infinity":24,"s:56:4:56:Infinity":25,"b:59:2:61:Infinity:undefined:undefined:undefined:undefined":11,"s:59:2:61:Infinity":26,"s:60:4:60:Infinity":27,"b:63:2:65:Infinity:undefined:undefined:undefined:undefined":12,"s:63:2:65:Infinity":28,"s:64:4:64:Infinity":29,"s:67:2:67:Infinity":30,"s:70:33:80:Infinity":31,"f:70:33:70:Infinity":4,"s:74:2:79:Infinity":32,"s:75:4:75:Infinity":33,"s:77:4:77:Infinity":34,"s:78:4:78:Infinity":35}}}
,"/app/src/lib/monitoring.ts": {"path":"/app/src/lib/monitoring.ts","statementMap":{"0":{"start":{"line":7,"column":30},"end":{"line":50,"column":null}},"1":{"start":{"line":9,"column":20},"end":{"line":9,"column":51}},"2":{"start":{"line":10,"column":22},"end":{"line":10,"column":42}},"3":{"start":{"line":12,"column":2},"end":{"line":15,"column":null}},"4":{"start":{"line":13,"column":4},"end":{"line":13,"column":null}},"5":{"start":{"line":14,"column":4},"end":{"line":14,"column":null}},"6":{"start":{"line":17,"column":2},"end":{"line":49,"column":null}},"7":{"start":{"line":37,"column":20},"end":{"line":37,"column":42}},"8":{"start":{"line":40,"column":6},"end":{"line":45,"column":null}},"9":{"start":{"line":41,"column":24},"end":{"line":41,"column":null}},"10":{"start":{"line":42,"column":8},"end":{"line":44,"column":null}},"11":{"start":{"line":43,"column":10},"end":{"line":43,"column":null}},"12":{"start":{"line":47,"column":6},"end":{"line":47,"column":null}},"13":{"start":{"line":55,"column":32},"end":{"line":60,"column":null}},"14":{"start":{"line":56,"column":2},"end":{"line":58,"column":null}},"15":{"start":{"line":57,"column":4},"end":{"line":57,"column":null}},"16":{"start":{"line":59,"column":2},"end":{"line":59,"column":null}},"17":{"start":{"line":65,"column":30},"end":{"line":67,"column":null}},"18":{"start":{"line":66,"column":2},"end":{"line":66,"column":null}},"19":{"start":{"line":72,"column":23},"end":{"line":74,"column":null}},"20":{"start":{"line":73,"column":2},"end":{"line":73,"column":null}},"21":{"start":{"line":79,"column":25},"end":{"line":81,"column":null}},"22":{"start":{"line":80,"column":2},"end":{"line":80,"column":null}},"23":{"start":{"line":86,"column":29},"end":{"line":92,"column":null}},"24":{"start":{"line":87,"column":2},"end":{"line":91,"column":null}}},"fnMap":{"0":{"name":"(anonymous_0)","decl":{"start":{"line":7,"column":30},"end":{"line":7,"column":null}},"loc":{"start":{"line":7,"column":30},"end":{"line":50,"column":null}},"line":7},"1":{"name":"beforeSend","decl":{"start":{"line":36,"column":4},"end":{"line":36,"column":15}},"loc":{"start":{"line":36,"column":26},"end":{"line":48,"column":null}},"line":36},"2":{"name":"(anonymous_2)","decl":{"start":{"line":55,"column":32},"end":{"line":55,"column":33}},"loc":{"start":{"line":55,"column":47},"end":{"line":60,"column":null}},"line":55},"3":{"name":"(anonymous_3)","decl":{"start":{"line":65,"column":30},"end":{"line":65,"column":31}},"loc":{"start":{"line":65,"column":84},"end":{"line":67,"column":null}},"line":65},"4":{"name":"(anonymous_4)","decl":{"start":{"line":72,"column":23},"end":{"line":72,"column":24}},"loc":{"start":{"line":72,"column":24},"end":{"line":74,"column":null}},"line":72},"5":{"name":"(anonymous_5)","decl":{"start":{"line":79,"column":25},"end":{"line":79,"column":null}},"loc":{"start":{"line":79,"column":25},"end":{"line":81,"column":null}},"line":79},"6":{"name":"(anonymous_6)","decl":{"start":{"line":86,"column":29},"end":{"line":86,"column":30}},"loc":{"start":{"line":86,"column":47},"end":{"line":92,"column":null}},"line":86}},"branchMap":{"0":{"loc":{"start":{"line":12,"column":2},"end":{"line":15,"column":null}},"type":"if","locations":[{"start":{"line":12,"column":2},"end":{"line":15,"column":null}},{"start":{},"end":{}}],"line":12},"1":{"loc":{"start":{"line":29,"column":22},"end":{"line":29,"column":null}},"type":"cond-expr","locations":[{"start":{"line":29,"column":53},"end":{"line":29,"column":59}},{"start":{"line":29,"column":59},"end":{"line":29,"column":null}}],"line":29},"2":{"loc":{"start":{"line":40,"column":6},"end":{"line":45,"column":null}},"type":"if","locations":[{"start":{"line":40,"column":6},"end":{"line":45,"column":null}},{"start":{},"end":{}}],"line":40},"3":{"loc":{"start":{"line":40,"column":10},"end":{"line":40,"column":68}},"type":"binary-expr","locations":[{"start":{"line":40,"column":10},"end":{"line":40,"column":19}},{"start":{"line":40,"column":19},"end":{"line":40,"column":48}},{"start":{"line":40,"column":48},"end":{"line":40,"column":68}}],"line":40},"4":{"loc":{"start":{"line":42,"column":8},"end":{"line":44,"column":null}},"type":"if","locations":[{"start":{"line":42,"column":8},"end":{"line":44,"column":null}},{"start":{},"end":{}}],"line":42},"5":{"loc":{"start":{"line":42,"column":12},"end":{"line":42,"column":74}},"type":"binary-expr","locations":[{"start":{"line":42,"column":12},"end":{"line":42,"column":45}},{"start":{"line":42,"column":45},"end":{"line":42,"column":74}}],"line":42},"6":{"loc":{"start":{"line":56,"column":2},"end":{"line":58,"column":null}},"type":"if","locations":[{"start":{"line":56,"column":2},"end":{"line":58,"column":null}},{"start":{},"end":{}}],"line":56},"7":{"loc":{"start":{"line":65,"column":48},"end":{"line":65,"column":84}},"type":"default-arg","locations":[{"start":{"line":65,"column":78},"end":{"line":65,"column":84}}],"line":65}},"s":{"0":1,"1":0,"2":0,"3":0,"4":0,"5":0,"6":0,"7":0,"8":0,"9":0,"10":0,"11":0,"12":0,"13":1,"14":0,"15":0,"16":0,"17":1,"18":0,"19":1,"20":0,"21":1,"22":0,"23":1,"24":0},"f":{"0":0,"1":0,"2":0,"3":0,"4":0,"5":0,"6":0},"b":{"0":[0,0],"1":[0,0],"2":[0,0],"3":[0,0,0],"4":[0,0],"5":[0,0],"6":[0,0],"7":[0]},"meta":{"lastBranch":8,"lastFunction":7,"lastStatement":25,"seen":{"s:7:30:50:Infinity":0,"f:7:30:7:Infinity":0,"s:9:20:9:51":1,"s:10:22:10:42":2,"b:12:2:15:Infinity:undefined:undefined:undefined:undefined":0,"s:12:2:15:Infinity":3,"s:13:4:13:Infinity":4,"s:14:4:14:Infinity":5,"s:17:2:49:Infinity":6,"b:29:53:29:59:29:59:29:Infinity":1,"f:36:4:36:15":1,"s:37:20:37:42":7,"b:40:6:45:Infinity:undefined:undefined:undefined:undefined":2,"s:40:6:45:Infinity":8,"b:40:10:40:19:40:19:40:48:40:48:40:68":3,"s:41:24:41:Infinity":9,"b:42:8:44:Infinity:undefined:undefined:undefined:undefined":4,"s:42:8:44:Infinity":10,"b:42:12:42:45:42:45:42:74":5,"s:43:10:43:Infinity":11,"s:47:6:47:Infinity":12,"s:55:32:60:Infinity":13,"f:55:32:55:33":2,"b:56:2:58:Infinity:undefined:undefined:undefined:undefined":6,"s:56:2:58:Infinity":14,"s:57:4:57:Infinity":15,"s:59:2:59:Infinity":16,"s:65:30:67:Infinity":17,"f:65:30:65:31":3,"b:65:78:65:84":7,"s:66:2:66:Infinity":18,"s:72:23:74:Infinity":19,"f:72:23:72:24":4,"s:73:2:73:Infinity":20,"s:79:25:81:Infinity":21,"f:79:25:79:Infinity":5,"s:80:2:80:Infinity":22,"s:86:29:92:Infinity":23,"f:86:29:86:30":6,"s:87:2:91:Infinity":24}}}
,"/app/src/lib/utils.ts": {"path":"/app/src/lib/utils.ts","statementMap":{"0":{"start":{"line":5,"column":2},"end":{"line":5,"column":null}}},"fnMap":{"0":{"name":"cn","decl":{"start":{"line":4,"column":16},"end":{"line":4,"column":19}},"loc":{"start":{"line":4,"column":42},"end":{"line":6,"column":null}},"line":4}},"branchMap":{},"s":{"0":102},"f":{"0":102},"b":{},"meta":{"lastBranch":0,"lastFunction":1,"lastStatement":1,"seen":{"f:4:16:4:19":0,"s:5:2:5:Infinity":0}}}
}
